Using pre-set license
Built from '2021.1/release' branch; Version is '2021.1.0f1 (61a549675243) revision 6399305'; Using compiler version '192528614'; Build Type 'Release'
OS: 'Windows 10 Home Single Language; OS build 19043.1165; Version 2009; 64bit' Language: 'ru' Physical Memory: 15741 MB
BatchMode: 1, IsHumanControllingUs: 0, StartBugReporterOnCrash: 0, Is64bit: 1, IsPro: 0

 COMMAND LINE ARGUMENTS:
C:\Program Files\Unity\Hub\Editor\2021.1.0f1\Editor\Unity.exe
-adb2
-batchMode
-noUpm
-name
AssetImportWorker0
-projectPath
D:/Repos/Rafts
-logFile
Logs/AssetImportWorker0.log
-srvPort
53845
Successfully changed project path to: D:/Repos/Rafts
D:/Repos/Rafts
Using Asset Import Pipeline V2.
Refreshing native plugins compatible for Editor in 94.60 ms, found 1 plugins.
Preloading 0 native plugins for Editor in 0.00 ms.
Initialize engine version: 2021.1.0f1 (61a549675243)
[Subsystems] Discovering subsystems at path C:/Program Files/Unity/Hub/Editor/2021.1.0f1/Editor/Data/Resources/UnitySubsystems
[Subsystems] Discovering subsystems at path D:/Repos/Rafts/Assets
GfxDevice: creating device client; threaded=0; jobified=0
Direct3D:
    Version:  Direct3D 11.0 [level 11.1]
    Renderer: NVIDIA GeForce GTX 1650 Ti (ID=0x1f95)
    Vendor:   NVIDIA
    VRAM:     3962 MB
    Driver:   27.21.14.5749
Initialize mono
Mono path[0] = 'C:/Program Files/Unity/Hub/Editor/2021.1.0f1/Editor/Data/Managed'
Mono path[1] = 'C:/Program Files/Unity/Hub/Editor/2021.1.0f1/Editor/Data/MonoBleedingEdge/lib/mono/unityjit'
Mono config path = 'C:/Program Files/Unity/Hub/Editor/2021.1.0f1/Editor/Data/MonoBleedingEdge/etc'
Using monoOptions --debugger-agent=transport=dt_socket,embedding=1,server=y,suspend=n,address=127.0.0.1:56836
Begin MonoManager ReloadAssembly
Registering precompiled unity dll's ...
Register platform support module: C:/Program Files/Unity/Hub/Editor/2021.1.0f1/Editor/Data/PlaybackEngines/WindowsStandaloneSupport/UnityEditor.WindowsStandalone.Extensions.dll
Registered in 0.003049 seconds.
Native extension for WindowsStandalone target not found
Refreshing native plugins compatible for Editor in 108.22 ms, found 1 plugins.
Preloading 0 native plugins for Editor in 0.00 ms.
Mono: successfully reloaded assembly
- Completed reload, in  2.270 seconds
Platform modules already initialized, skipping
Registering precompiled user dll's ...
Registered in 0.004582 seconds.
Begin MonoManager ReloadAssembly
Native extension for WindowsStandalone target not found
Refreshing native plugins compatible for Editor in 1.58 ms, found 1 plugins.
Preloading 0 native plugins for Editor in 0.00 ms.
Mono: successfully reloaded assembly
- Completed reload, in  1.551 seconds
Platform modules already initialized, skipping
========================================================================
Worker process is ready to serve import requests
Launched and connected shader compiler UnityShaderCompiler.exe after 0.06 seconds
Refreshing native plugins compatible for Editor in 0.96 ms, found 1 plugins.
Preloading 0 native plugins for Editor in 0.00 ms.
Unloading 2684 Unused Serialized files (Serialized files now loaded: 0)
System memory in use before: 175.3 MB.
System memory in use after: 175.4 MB.

Unloading 17 unused Assets to reduce memory usage. Loaded Objects now: 3150.
Total: 4.538000 ms (FindLiveObjects: 0.840200 ms CreateObjectMapping: 0.195300 ms MarkObjects: 3.382400 ms  DeleteObjects: 0.117500 ms)

========================================================================
Received Import Request.
  path: Assets/Idle (2).fbx
  artifactKey: Guid(79c677791d173b7499db54dafa89b831) Importer(815301076,1909f56bfc062723c751e8b465ee728b)
Start importing Assets/Idle (2).fbx using Guid(79c677791d173b7499db54dafa89b831) Importer(815301076,1909f56bfc062723c751e8b465ee728b)  -> (artifact id: '78b86b3fb2f41696deb005eaa54c030b') in 0.273078 seconds 
========================================================================
Received Import Request.
  Time since last request: 14.411272 seconds.
  path: Assets/_stickman_Roundcube_001.controller
  artifactKey: Guid(7a5ba70d10d71dd459adbb76b1606a9d) Importer(815301076,1909f56bfc062723c751e8b465ee728b)
Start importing Assets/_stickman_Roundcube_001.controller using Guid(7a5ba70d10d71dd459adbb76b1606a9d) Importer(815301076,1909f56bfc062723c751e8b465ee728b)  -> (artifact id: '7aa3ab284f999807b65da25dba49f5c3') in 0.019249 seconds 
========================================================================
Received Import Request.
  Time since last request: 84.021891 seconds.
  path: Assets/Idle (2).controller
  artifactKey: Guid(d8b5c3094889be846a78bb6a2dbd28e3) Importer(815301076,1909f56bfc062723c751e8b465ee728b)
Start importing Assets/Idle (2).controller using Guid(d8b5c3094889be846a78bb6a2dbd28e3) Importer(815301076,1909f56bfc062723c751e8b465ee728b)  -> (artifact id: '74a699d73ee31e1391357353012cbcb4') in 0.006563 seconds 
========================================================================
Received Prepare
Registering precompiled user dll's ...
Registered in 0.005635 seconds.
Begin MonoManager ReloadAssembly
Native extension for WindowsStandalone target not found
Refreshing native plugins compatible for Editor in 1.19 ms, found 1 plugins.
Preloading 0 native plugins for Editor in 0.00 ms.
Mono: successfully reloaded assembly
- Completed reload, in  1.434 seconds
Platform modules already initialized, skipping
Switching build target platform(19) subTarget(0) extendedPlatform(0) -> platform(13) subTarget(537395200) extendedPlatform(0)
Refreshing native plugins compatible for Editor in 1.17 ms, found 1 plugins.
Preloading 0 native plugins for Editor in 0.00 ms.
Unloading 2682 Unused Serialized files (Serialized files now loaded: 0)
System memory in use before: 192.9 MB.
System memory in use after: 193.0 MB.

Unloading 13 unused Assets to reduce memory usage. Loaded Objects now: 3164.
Total: 5.783300 ms (FindLiveObjects: 1.015500 ms CreateObjectMapping: 0.433700 ms MarkObjects: 4.163900 ms  DeleteObjects: 0.163800 ms)

AssetImportParameters requested are different than current active one (requested -> active):
  custom:graphics/normal-map-encoding: 01000000000000000000000000000000 -> 02000000000000000000000000000000
========================================================================
Received Prepare
Registering precompiled user dll's ...
Registered in 0.007601 seconds.
Begin MonoManager ReloadAssembly
Native extension for WindowsStandalone target not found
Refreshing native plugins compatible for Editor in 1.39 ms, found 1 plugins.
Preloading 0 native plugins for Editor in 0.00 ms.
Mono: successfully reloaded assembly
- Completed reload, in  1.797 seconds
Platform modules already initialized, skipping
Switching build target platform(19) subTarget(0) extendedPlatform(0) -> platform(13) subTarget(537395200) extendedPlatform(0)
Refreshing native plugins compatible for Editor in 1.05 ms, found 1 plugins.
Preloading 0 native plugins for Editor in 0.00 ms.
Unloading 2682 Unused Serialized files (Serialized files now loaded: 0)
System memory in use before: 192.9 MB.
System memory in use after: 193.1 MB.

Unloading 12 unused Assets to reduce memory usage. Loaded Objects now: 3167.
Total: 6.490100 ms (FindLiveObjects: 1.351500 ms CreateObjectMapping: 0.734400 ms MarkObjects: 4.281400 ms  DeleteObjects: 0.118600 ms)

AssetImportParameters requested are different than current active one (requested -> active):
  custom:graphics/normal-map-encoding: 01000000000000000000000000000000 -> 02000000000000000000000000000000
========================================================================
Received Import Request.
  Time since last request: 410.585092 seconds.
  path: Assets/Idle (2).fbx
  artifactKey: Guid(79c677791d173b7499db54dafa89b831) Importer(815301076,1909f56bfc062723c751e8b465ee728b)
Start importing Assets/Idle (2).fbx using Guid(79c677791d173b7499db54dafa89b831) Importer(815301076,1909f56bfc062723c751e8b465ee728b)  -> (artifact id: '482a268f11eeaa36da9281c6964fb335') in 0.153110 seconds 
========================================================================
Received Prepare
Registering precompiled user dll's ...
Registered in 0.004181 seconds.
Begin MonoManager ReloadAssembly
Native extension for WindowsStandalone target not found
Refreshing native plugins compatible for Editor in 1.57 ms, found 1 plugins.
Preloading 0 native plugins for Editor in 0.00 ms.
Mono: successfully reloaded assembly
- Completed reload, in  1.383 seconds
Platform modules already initialized, skipping
Switching build target platform(19) subTarget(0) extendedPlatform(0) -> platform(13) subTarget(537395200) extendedPlatform(0)
Refreshing native plugins compatible for Editor in 1.08 ms, found 1 plugins.
Preloading 0 native plugins for Editor in 0.00 ms.
Unloading 2682 Unused Serialized files (Serialized files now loaded: 0)
System memory in use before: 193.0 MB.
System memory in use after: 193.2 MB.

Unloading 13 unused Assets to reduce memory usage. Loaded Objects now: 3171.
Total: 4.260200 ms (FindLiveObjects: 0.564000 ms CreateObjectMapping: 0.189100 ms MarkObjects: 3.416400 ms  DeleteObjects: 0.088000 ms)

AssetImportParameters requested are different than current active one (requested -> active):
  custom:graphics/normal-map-encoding: 01000000000000000000000000000000 -> 02000000000000000000000000000000
========================================================================
Received Import Request.
  Time since last request: 24.780190 seconds.
  path: Assets/Idle (2).controller
  artifactKey: Guid(d8b5c3094889be846a78bb6a2dbd28e3) Importer(815301076,1909f56bfc062723c751e8b465ee728b)
Start importing Assets/Idle (2).controller using Guid(d8b5c3094889be846a78bb6a2dbd28e3) Importer(815301076,1909f56bfc062723c751e8b465ee728b)  -> (artifact id: '738ab036fae9a8b5c00307d6b79c9d46') in 0.028811 seconds 
========================================================================
Received Import Request.
  Time since last request: 10.322468 seconds.
  path: Assets/Dweller.controller
  artifactKey: Guid(d8b5c3094889be846a78bb6a2dbd28e3) Importer(815301076,1909f56bfc062723c751e8b465ee728b)
Start importing Assets/Dweller.controller using Guid(d8b5c3094889be846a78bb6a2dbd28e3) Importer(815301076,1909f56bfc062723c751e8b465ee728b)  -> (artifact id: '4b44e77332725e84b94dbe6640da1655') in 0.014885 seconds 
========================================================================
Received Import Request.
  Time since last request: 12.922280 seconds.
  path: Assets/animations
  artifactKey: Guid(106c0b473778c844fb4ca95e7b906072) Importer(815301076,1909f56bfc062723c751e8b465ee728b)
Start importing Assets/animations using Guid(106c0b473778c844fb4ca95e7b906072) Importer(815301076,1909f56bfc062723c751e8b465ee728b)  -> (artifact id: '90dc0c4dc110aa62fa19bc2878fdb9f7') in 0.015257 seconds 
========================================================================
Received Import Request.
  Time since last request: 2.015974 seconds.
  path: Assets/animations/Idle (1).controller
  artifactKey: Guid(3a5ee93be2b4b134eb441eb1d84ff565) Importer(815301076,1909f56bfc062723c751e8b465ee728b)
Start importing Assets/animations/Idle (1).controller using Guid(3a5ee93be2b4b134eb441eb1d84ff565) Importer(815301076,1909f56bfc062723c751e8b465ee728b)  -> (artifact id: '9f0b08a87432400121be71f6639d25a2') in 0.042890 seconds 
========================================================================
Received Import Request.
  Time since last request: 64.016027 seconds.
  path: Assets/Prefabs/Cube (1).prefab
  artifactKey: Guid(a408d0708960325438437ab650eafe1a) Importer(815301076,1909f56bfc062723c751e8b465ee728b)
Start importing Assets/Prefabs/Cube (1).prefab using Guid(a408d0708960325438437ab650eafe1a) Importer(815301076,1909f56bfc062723c751e8b465ee728b)  -> (artifact id: '58d8f34237d3e986252472c1a2e258d1') in 0.122770 seconds 
========================================================================
Received Import Request.
  Time since last request: 2.636895 seconds.
  path: Assets/Prefabs/Gunplay (1).fbx
  artifactKey: Guid(18282af09df326c4cbe3a0a3527763e5) Importer(815301076,1909f56bfc062723c751e8b465ee728b)
Start importing Assets/Prefabs/Gunplay (1).fbx using Guid(18282af09df326c4cbe3a0a3527763e5) Importer(815301076,1909f56bfc062723c751e8b465ee728b)  -> (artifact id: '6571f54e9a7d0053bef3cd84b2424240') in 0.066860 seconds 
========================================================================
Received Prepare
Registering precompiled user dll's ...
Registered in 0.005474 seconds.
Begin MonoManager ReloadAssembly
Native extension for WindowsStandalone target not found
Refreshing native plugins compatible for Editor in 1.16 ms, found 1 plugins.
Preloading 0 native plugins for Editor in 0.00 ms.
Mono: successfully reloaded assembly
- Completed reload, in  1.408 seconds
Platform modules already initialized, skipping
Switching build target platform(19) subTarget(0) extendedPlatform(0) -> platform(13) subTarget(537395200) extendedPlatform(0)
Refreshing native plugins compatible for Editor in 1.75 ms, found 1 plugins.
Preloading 0 native plugins for Editor in 0.00 ms.
Unloading 2682 Unused Serialized files (Serialized files now loaded: 0)
System memory in use before: 193.1 MB.
System memory in use after: 193.3 MB.

Unloading 15 unused Assets to reduce memory usage. Loaded Objects now: 3177.
Total: 4.462200 ms (FindLiveObjects: 0.503600 ms CreateObjectMapping: 0.166100 ms MarkObjects: 3.662600 ms  DeleteObjects: 0.126000 ms)

AssetImportParameters requested are different than current active one (requested -> active):
  custom:graphics/normal-map-encoding: 01000000000000000000000000000000 -> 02000000000000000000000000000000
========================================================================
Received Import Request.
  Time since last request: 121.273019 seconds.
  path: Assets/Prefabs/Gunplay (1).fbx
  artifactKey: Guid(18282af09df326c4cbe3a0a3527763e5) Importer(815301076,1909f56bfc062723c751e8b465ee728b)
Start importing Assets/Prefabs/Gunplay (1).fbx using Guid(18282af09df326c4cbe3a0a3527763e5) Importer(815301076,1909f56bfc062723c751e8b465ee728b)  -> (artifact id: '3a971c64368a3fd69d183d0c4d4ac4cd') in 0.130605 seconds 
========================================================================
Received Prepare
Registering precompiled user dll's ...
Registered in 0.005913 seconds.
Begin MonoManager ReloadAssembly
Native extension for WindowsStandalone target not found
Refreshing native plugins compatible for Editor in 1.08 ms, found 1 plugins.
Preloading 0 native plugins for Editor in 0.00 ms.
Mono: successfully reloaded assembly
- Completed reload, in  1.247 seconds
Platform modules already initialized, skipping
Switching build target platform(19) subTarget(0) extendedPlatform(0) -> platform(13) subTarget(537395200) extendedPlatform(0)
Refreshing native plugins compatible for Editor in 0.94 ms, found 1 plugins.
Preloading 0 native plugins for Editor in 0.00 ms.
Unloading 2682 Unused Serialized files (Serialized files now loaded: 0)
System memory in use before: 193.1 MB.
System memory in use after: 193.3 MB.

Unloading 13 unused Assets to reduce memory usage. Loaded Objects now: 3181.
Total: 4.489800 ms (FindLiveObjects: 0.712100 ms CreateObjectMapping: 0.117200 ms MarkObjects: 3.533100 ms  DeleteObjects: 0.123900 ms)

AssetImportParameters requested are different than current active one (requested -> active):
  custom:graphics/normal-map-encoding: 01000000000000000000000000000000 -> 02000000000000000000000000000000
========================================================================
Received Import Request.
  Time since last request: 85.748697 seconds.
  path: Assets/Prefabs/Platform.prefab
  artifactKey: Guid(a408d0708960325438437ab650eafe1a) Importer(815301076,1909f56bfc062723c751e8b465ee728b)
Start importing Assets/Prefabs/Platform.prefab using Guid(a408d0708960325438437ab650eafe1a) Importer(815301076,1909f56bfc062723c751e8b465ee728b)  -> (artifact id: '94798509a25b7b9e44863c10d19527d4') in 0.107696 seconds 
========================================================================
Received Import Request.
  Time since last request: 89.733067 seconds.
  path: Assets/Scripts/Dweller.cs
  artifactKey: Guid(2011a8bd7609afb4f841f08ee61c595c) Importer(815301076,1909f56bfc062723c751e8b465ee728b)
Start importing Assets/Scripts/Dweller.cs using Guid(2011a8bd7609afb4f841f08ee61c595c) Importer(815301076,1909f56bfc062723c751e8b465ee728b)  -> (artifact id: '427086ec9eab3aba4c52436f193b6331') in 0.345288 seconds 
========================================================================
Received Prepare
Registering precompiled user dll's ...
Registered in 0.076678 seconds.
Begin MonoManager ReloadAssembly
Native extension for WindowsStandalone target not found
Refreshing native plugins compatible for Editor in 1.72 ms, found 1 plugins.
Preloading 0 native plugins for Editor in 0.00 ms.
Mono: successfully reloaded assembly
- Completed reload, in  1.463 seconds
Platform modules already initialized, skipping
Switching build target platform(19) subTarget(0) extendedPlatform(0) -> platform(13) subTarget(537395200) extendedPlatform(0)
Refreshing native plugins compatible for Editor in 0.99 ms, found 1 plugins.
Preloading 0 native plugins for Editor in 0.00 ms.
Unloading 2682 Unused Serialized files (Serialized files now loaded: 0)
System memory in use before: 193.1 MB.
System memory in use after: 193.3 MB.

Unloading 15 unused Assets to reduce memory usage. Loaded Objects now: 3185.
Total: 6.582100 ms (FindLiveObjects: 0.969400 ms CreateObjectMapping: 0.463300 ms MarkObjects: 4.849100 ms  DeleteObjects: 0.294600 ms)

AssetImportParameters requested are different than current active one (requested -> active):
  custom:graphics/normal-map-encoding: 01000000000000000000000000000000 -> 02000000000000000000000000000000
========================================================================
Received Import Request.
  Time since last request: 950.732018 seconds.
  path: Assets/Prefabs/Dweller.prefab
  artifactKey: Guid(ec44bd4213dd9334c9b71d5d62b54f10) Importer(815301076,1909f56bfc062723c751e8b465ee728b)
Start importing Assets/Prefabs/Dweller.prefab using Guid(ec44bd4213dd9334c9b71d5d62b54f10) Importer(815301076,1909f56bfc062723c751e8b465ee728b)  -> (artifact id: '024fa1688a0a360311da74bd6535b40a') in 0.245852 seconds 
========================================================================
Received Import Request.
  Time since last request: 23.948970 seconds.
  path: Assets/Prefabs/Dweller.prefab
  artifactKey: Guid(ec44bd4213dd9334c9b71d5d62b54f10) Importer(815301076,1909f56bfc062723c751e8b465ee728b)
Start importing Assets/Prefabs/Dweller.prefab using Guid(ec44bd4213dd9334c9b71d5d62b54f10) Importer(815301076,1909f56bfc062723c751e8b465ee728b)  -> (artifact id: '33af02021b6dd34ab1e54c882db6153d') in 0.091735 seconds 
========================================================================
Received Import Request.
  Time since last request: 2.297148 seconds.
  path: Assets/Prefabs/Dweller.prefab
  artifactKey: Guid(ec44bd4213dd9334c9b71d5d62b54f10) Importer(815301076,1909f56bfc062723c751e8b465ee728b)
Start importing Assets/Prefabs/Dweller.prefab using Guid(ec44bd4213dd9334c9b71d5d62b54f10) Importer(815301076,1909f56bfc062723c751e8b465ee728b)  -> (artifact id: '8c9e0ad8f75bd6ab9818e8c0d26582c6') in 0.067433 seconds 
========================================================================
Received Import Request.
  Time since last request: 1.075631 seconds.
  path: Assets/Prefabs/Dweller.prefab
  artifactKey: Guid(ec44bd4213dd9334c9b71d5d62b54f10) Importer(815301076,1909f56bfc062723c751e8b465ee728b)
Start importing Assets/Prefabs/Dweller.prefab using Guid(ec44bd4213dd9334c9b71d5d62b54f10) Importer(815301076,1909f56bfc062723c751e8b465ee728b)  -> (artifact id: '857de409a9959faec53f58c12d4b1656') in 0.058859 seconds 
========================================================================
Received Import Request.
  Time since last request: 14.819312 seconds.
  path: Assets/Prefabs/Platform.prefab
  artifactKey: Guid(a408d0708960325438437ab650eafe1a) Importer(815301076,1909f56bfc062723c751e8b465ee728b)
Start importing Assets/Prefabs/Platform.prefab using Guid(a408d0708960325438437ab650eafe1a) Importer(815301076,1909f56bfc062723c751e8b465ee728b)  -> (artifact id: '811a52b8386f162141939f82170e08fb') in 0.027753 seconds 
========================================================================
Received Import Request.
  Time since last request: 4.946541 seconds.
  path: Assets/Prefabs/Platform.prefab
  artifactKey: Guid(a408d0708960325438437ab650eafe1a) Importer(815301076,1909f56bfc062723c751e8b465ee728b)
Start importing Assets/Prefabs/Platform.prefab using Guid(a408d0708960325438437ab650eafe1a) Importer(815301076,1909f56bfc062723c751e8b465ee728b)  -> (artifact id: '14e20dea91a7a73f81266d2750fe1124') in 0.032280 seconds 
========================================================================
Received Import Request.
  Time since last request: 1.304226 seconds.
  path: Assets/Prefabs/Platform.prefab
  artifactKey: Guid(a408d0708960325438437ab650eafe1a) Importer(815301076,1909f56bfc062723c751e8b465ee728b)
Start importing Assets/Prefabs/Platform.prefab using Guid(a408d0708960325438437ab650eafe1a) Importer(815301076,1909f56bfc062723c751e8b465ee728b)  -> (artifact id: '962084edeaaebba6fe732c52f8cef33c') in 0.036200 seconds 
========================================================================
Received Import Request.
  Time since last request: 5.256214 seconds.
  path: Assets/Prefabs/Platform.prefab
  artifactKey: Guid(a408d0708960325438437ab650eafe1a) Importer(815301076,1909f56bfc062723c751e8b465ee728b)
Start importing Assets/Prefabs/Platform.prefab using Guid(a408d0708960325438437ab650eafe1a) Importer(815301076,1909f56bfc062723c751e8b465ee728b)  -> (artifact id: '8d81d585ae0c57eaac39cdd809b6d734') in 0.061629 seconds 
========================================================================
Received Import Request.
  Time since last request: 6.877282 seconds.
  path: Assets/Prefabs/Platform.prefab
  artifactKey: Guid(a408d0708960325438437ab650eafe1a) Importer(815301076,1909f56bfc062723c751e8b465ee728b)
Start importing Assets/Prefabs/Platform.prefab using Guid(a408d0708960325438437ab650eafe1a) Importer(815301076,1909f56bfc062723c751e8b465ee728b)  -> (artifact id: 'df6d9a418685f674fa00b3e8cd920412') in 0.034562 seconds 
========================================================================
Received Import Request.
  Time since last request: 4.217484 seconds.
  path: Assets/Prefabs/Platform.prefab
  artifactKey: Guid(a408d0708960325438437ab650eafe1a) Importer(815301076,1909f56bfc062723c751e8b465ee728b)
Start importing Assets/Prefabs/Platform.prefab using Guid(a408d0708960325438437ab650eafe1a) Importer(815301076,1909f56bfc062723c751e8b465ee728b)  -> (artifact id: 'a598b547b0323518f2400514b8b57bf9') in 0.039145 seconds 
========================================================================
Received Import Request.
  Time since last request: 2.581152 seconds.
  path: Assets/Prefabs/Platform.prefab
  artifactKey: Guid(a408d0708960325438437ab650eafe1a) Importer(815301076,1909f56bfc062723c751e8b465ee728b)
Start importing Assets/Prefabs/Platform.prefab using Guid(a408d0708960325438437ab650eafe1a) Importer(815301076,1909f56bfc062723c751e8b465ee728b)  -> (artifact id: '8ad51b32372376e13050ea52a59eb3a2') in 0.037169 seconds 
========================================================================
Received Import Request.
  Time since last request: 2.177148 seconds.
  path: Assets/Prefabs/Platform.prefab
  artifactKey: Guid(a408d0708960325438437ab650eafe1a) Importer(815301076,1909f56bfc062723c751e8b465ee728b)
Start importing Assets/Prefabs/Platform.prefab using Guid(a408d0708960325438437ab650eafe1a) Importer(815301076,1909f56bfc062723c751e8b465ee728b)  -> (artifact id: 'f6d1ef3359795d1914849e3ee1986b33') in 0.041461 seconds 
========================================================================
Received Import Request.
  Time since last request: 119.972935 seconds.
  path: Assets/Prefabs/Platform.prefab
  artifactKey: Guid(a408d0708960325438437ab650eafe1a) Importer(815301076,1909f56bfc062723c751e8b465ee728b)
Start importing Assets/Prefabs/Platform.prefab using Guid(a408d0708960325438437ab650eafe1a) Importer(815301076,1909f56bfc062723c751e8b465ee728b)  -> (artifact id: '5d3994ea46caa52d7fb56019c80c8b87') in 0.029434 seconds 
========================================================================
Received Prepare
Registering precompiled user dll's ...
Registered in 0.005444 seconds.
Begin MonoManager ReloadAssembly
Native extension for WindowsStandalone target not found
Refreshing native plugins compatible for Editor in 1.95 ms, found 1 plugins.
Preloading 0 native plugins for Editor in 0.00 ms.
Mono: successfully reloaded assembly
- Completed reload, in  1.428 seconds
Platform modules already initialized, skipping
Switching build target platform(19) subTarget(0) extendedPlatform(0) -> platform(13) subTarget(537395200) extendedPlatform(0)
Refreshing native plugins compatible for Editor in 0.95 ms, found 1 plugins.
Preloading 0 native plugins for Editor in 0.00 ms.
Unloading 2682 Unused Serialized files (Serialized files now loaded: 0)
System memory in use before: 193.3 MB.
System memory in use after: 193.4 MB.

Unloading 15 unused Assets to reduce memory usage. Loaded Objects now: 3189.
Total: 5.450400 ms (FindLiveObjects: 0.819000 ms CreateObjectMapping: 0.242200 ms MarkObjects: 4.245300 ms  DeleteObjects: 0.139500 ms)

AssetImportParameters requested are different than current active one (requested -> active):
  custom:graphics/normal-map-encoding: 01000000000000000000000000000000 -> 02000000000000000000000000000000
========================================================================
Received Import Request.
  Time since last request: 188.835980 seconds.
  path: Assets/Prefabs/Platform.prefab
  artifactKey: Guid(a408d0708960325438437ab650eafe1a) Importer(815301076,1909f56bfc062723c751e8b465ee728b)
Start importing Assets/Prefabs/Platform.prefab using Guid(a408d0708960325438437ab650eafe1a) Importer(815301076,1909f56bfc062723c751e8b465ee728b)  -> (artifact id: '596a6396db02659120813616aff40c3f') in 0.107756 seconds 
========================================================================
Received Prepare
Registering precompiled user dll's ...
Registered in 0.006213 seconds.
Begin MonoManager ReloadAssembly
Native extension for WindowsStandalone target not found
Refreshing native plugins compatible for Editor in 1.81 ms, found 1 plugins.
Preloading 0 native plugins for Editor in 0.00 ms.
Mono: successfully reloaded assembly
- Completed reload, in  1.468 seconds
Platform modules already initialized, skipping
Switching build target platform(19) subTarget(0) extendedPlatform(0) -> platform(13) subTarget(537395200) extendedPlatform(0)
Refreshing native plugins compatible for Editor in 1.68 ms, found 1 plugins.
Preloading 0 native plugins for Editor in 0.00 ms.
Unloading 2682 Unused Serialized files (Serialized files now loaded: 0)
System memory in use before: 193.3 MB.
System memory in use after: 193.5 MB.

Unloading 15 unused Assets to reduce memory usage. Loaded Objects now: 3193.
Total: 4.803900 ms (FindLiveObjects: 0.770200 ms CreateObjectMapping: 0.205700 ms MarkObjects: 3.630800 ms  DeleteObjects: 0.193200 ms)

AssetImportParameters requested are different than current active one (requested -> active):
  custom:graphics/normal-map-encoding: 01000000000000000000000000000000 -> 02000000000000000000000000000000
========================================================================
Received Import Request.
  Time since last request: 28.788596 seconds.
  path: Assets/Prefabs/Dweller.prefab
  artifactKey: Guid(ec44bd4213dd9334c9b71d5d62b54f10) Importer(815301076,1909f56bfc062723c751e8b465ee728b)
Start importing Assets/Prefabs/Dweller.prefab using Guid(ec44bd4213dd9334c9b71d5d62b54f10) Importer(815301076,1909f56bfc062723c751e8b465ee728b)  -> (artifact id: 'a9280394095cc08e0eb713c3777dab9e') in 0.116153 seconds 
========================================================================
Received Import Request.
  Time since last request: 16.687131 seconds.
  path: Assets/Prefabs/Cube (17).prefab
  artifactKey: Guid(1e6400e56aa821541af5db9a4c2b3212) Importer(815301076,1909f56bfc062723c751e8b465ee728b)
Start importing Assets/Prefabs/Cube (17).prefab using Guid(1e6400e56aa821541af5db9a4c2b3212) Importer(815301076,1909f56bfc062723c751e8b465ee728b)  -> (artifact id: '31f56a9c176ebfd3066a4e3cca958f22') in 0.058869 seconds 
========================================================================
Received Import Request.
  Time since last request: 11.753823 seconds.
  path: Assets/Prefabs/Cube (17).prefab
  artifactKey: Guid(1e6400e56aa821541af5db9a4c2b3212) Importer(815301076,1909f56bfc062723c751e8b465ee728b)
Start importing Assets/Prefabs/Cube (17).prefab using Guid(1e6400e56aa821541af5db9a4c2b3212) Importer(815301076,1909f56bfc062723c751e8b465ee728b)  -> (artifact id: '20c5d039a5461f0395b12aacde85bb37') in 0.035612 seconds 
========================================================================
Received Import Request.
  Time since last request: 11.385997 seconds.
  path: Assets/Prefabs/Cube (17).prefab
  artifactKey: Guid(1e6400e56aa821541af5db9a4c2b3212) Importer(815301076,1909f56bfc062723c751e8b465ee728b)
Start importing Assets/Prefabs/Cube (17).prefab using Guid(1e6400e56aa821541af5db9a4c2b3212) Importer(815301076,1909f56bfc062723c751e8b465ee728b)  -> (artifact id: 'cf04bf81d2afab06332d303b865c6e03') in 0.025309 seconds 
========================================================================
Received Prepare
Registering precompiled user dll's ...
Registered in 0.005659 seconds.
Begin MonoManager ReloadAssembly
Native extension for WindowsStandalone target not found
Refreshing native plugins compatible for Editor in 1.68 ms, found 1 plugins.
Preloading 0 native plugins for Editor in 0.00 ms.
Mono: successfully reloaded assembly
- Completed reload, in  1.357 seconds
Platform modules already initialized, skipping
Switching build target platform(19) subTarget(0) extendedPlatform(0) -> platform(13) subTarget(537395200) extendedPlatform(0)
Refreshing native plugins compatible for Editor in 0.92 ms, found 1 plugins.
Preloading 0 native plugins for Editor in 0.00 ms.
Unloading 2682 Unused Serialized files (Serialized files now loaded: 0)
System memory in use before: 193.3 MB.
System memory in use after: 193.5 MB.

Unloading 14 unused Assets to reduce memory usage. Loaded Objects now: 3197.
Total: 5.288600 ms (FindLiveObjects: 0.602200 ms CreateObjectMapping: 0.137700 ms MarkObjects: 4.418700 ms  DeleteObjects: 0.127500 ms)

AssetImportParameters requested are different than current active one (requested -> active):
  custom:graphics/normal-map-encoding: 01000000000000000000000000000000 -> 02000000000000000000000000000000
========================================================================
Received Import Request.
  Time since last request: 266.114160 seconds.
  path: Assets/Prefabs/Platform.prefab
  artifactKey: Guid(a408d0708960325438437ab650eafe1a) Importer(815301076,1909f56bfc062723c751e8b465ee728b)
Start importing Assets/Prefabs/Platform.prefab using Guid(a408d0708960325438437ab650eafe1a) Importer(815301076,1909f56bfc062723c751e8b465ee728b)  -> (artifact id: '899b384d6b62be560426a8eafffc8d48') in 0.110148 seconds 
========================================================================
Received Import Request.
  Time since last request: 0.000482 seconds.
  path: Assets/Prefabs/Dweller.prefab
  artifactKey: Guid(ec44bd4213dd9334c9b71d5d62b54f10) Importer(815301076,1909f56bfc062723c751e8b465ee728b)
Start importing Assets/Prefabs/Dweller.prefab using Guid(ec44bd4213dd9334c9b71d5d62b54f10) Importer(815301076,1909f56bfc062723c751e8b465ee728b)  -> (artifact id: 'd1d1fe557f3bd5dd8ef023d9f99899f7') in 0.025067 seconds 
========================================================================
Received Import Request.
  Time since last request: 7.656691 seconds.
  path: Assets/Prefabs/Dweller.prefab
  artifactKey: Guid(ec44bd4213dd9334c9b71d5d62b54f10) Importer(815301076,1909f56bfc062723c751e8b465ee728b)
Start importing Assets/Prefabs/Dweller.prefab using Guid(ec44bd4213dd9334c9b71d5d62b54f10) Importer(815301076,1909f56bfc062723c751e8b465ee728b)  -> (artifact id: '78684ff2131ab4e6bdd36618139e8eab') in 0.022868 seconds 
========================================================================
Received Import Request.
  Time since last request: 0.000390 seconds.
  path: Assets/Prefabs/Platform.prefab
  artifactKey: Guid(a408d0708960325438437ab650eafe1a) Importer(815301076,1909f56bfc062723c751e8b465ee728b)
Start importing Assets/Prefabs/Platform.prefab using Guid(a408d0708960325438437ab650eafe1a) Importer(815301076,1909f56bfc062723c751e8b465ee728b)  -> (artifact id: '339d48764dedd70f665e046422c88db3') in 0.026576 seconds 
========================================================================
Received Import Request.
  Time since last request: 1.183201 seconds.
  path: Assets/Prefabs/Dweller.prefab
  artifactKey: Guid(ec44bd4213dd9334c9b71d5d62b54f10) Importer(815301076,1909f56bfc062723c751e8b465ee728b)
Start importing Assets/Prefabs/Dweller.prefab using Guid(ec44bd4213dd9334c9b71d5d62b54f10) Importer(815301076,1909f56bfc062723c751e8b465ee728b)  -> (artifact id: '5b639a6beca25c8491dc2e74e5895bc2') in 0.022917 seconds 
========================================================================
Received Import Request.
  Time since last request: 0.000402 seconds.
  path: Assets/Prefabs/Platform.prefab
  artifactKey: Guid(a408d0708960325438437ab650eafe1a) Importer(815301076,1909f56bfc062723c751e8b465ee728b)
Start importing Assets/Prefabs/Platform.prefab using Guid(a408d0708960325438437ab650eafe1a) Importer(815301076,1909f56bfc062723c751e8b465ee728b)  -> (artifact id: '7f7b51b7d945dad69112226f3abd0a9d') in 0.026106 seconds 
========================================================================
Received Prepare
Registering precompiled user dll's ...
Registered in 0.007532 seconds.
Begin MonoManager ReloadAssembly
Native extension for WindowsStandalone target not found
Refreshing native plugins compatible for Editor in 1.21 ms, found 1 plugins.
Preloading 0 native plugins for Editor in 0.00 ms.
Mono: successfully reloaded assembly
- Completed reload, in  1.394 seconds
Platform modules already initialized, skipping
Switching build target platform(19) subTarget(0) extendedPlatform(0) -> platform(13) subTarget(537395200) extendedPlatform(0)
Refreshing native plugins compatible for Editor in 1.33 ms, found 1 plugins.
Preloading 0 native plugins for Editor in 0.00 ms.
Unloading 2682 Unused Serialized files (Serialized files now loaded: 0)
System memory in use before: 193.3 MB.
System memory in use after: 193.5 MB.

Unloading 15 unused Assets to reduce memory usage. Loaded Objects now: 3201.
Total: 4.616600 ms (FindLiveObjects: 0.749000 ms CreateObjectMapping: 0.325300 ms MarkObjects: 3.407500 ms  DeleteObjects: 0.131100 ms)

AssetImportParameters requested are different than current active one (requested -> active):
  custom:graphics/normal-map-encoding: 01000000000000000000000000000000 -> 02000000000000000000000000000000
========================================================================
Received Prepare
Registering precompiled user dll's ...
Registered in 0.004566 seconds.
Begin MonoManager ReloadAssembly
Native extension for WindowsStandalone target not found
Refreshing native plugins compatible for Editor in 0.93 ms, found 1 plugins.
Preloading 0 native plugins for Editor in 0.00 ms.
Mono: successfully reloaded assembly
- Completed reload, in  1.370 seconds
Platform modules already initialized, skipping
Switching build target platform(19) subTarget(0) extendedPlatform(0) -> platform(13) subTarget(537395200) extendedPlatform(0)
Refreshing native plugins compatible for Editor in 1.39 ms, found 1 plugins.
Preloading 0 native plugins for Editor in 0.00 ms.
Unloading 2682 Unused Serialized files (Serialized files now loaded: 0)
System memory in use before: 193.3 MB.
System memory in use after: 193.5 MB.

Unloading 12 unused Assets to reduce memory usage. Loaded Objects now: 3204.
Total: 4.657700 ms (FindLiveObjects: 0.838100 ms CreateObjectMapping: 0.319600 ms MarkObjects: 3.403300 ms  DeleteObjects: 0.092800 ms)

AssetImportParameters requested are different than current active one (requested -> active):
  custom:graphics/normal-map-encoding: 01000000000000000000000000000000 -> 02000000000000000000000000000000
========================================================================
Received Import Request.
  Time since last request: 123.642978 seconds.
  path: Assets/Prefabs/Two_Platform Raft.prefab
  artifactKey: Guid(9279339db9a8325489a70154838bf5e9) Importer(815301076,1909f56bfc062723c751e8b465ee728b)
Start importing Assets/Prefabs/Two_Platform Raft.prefab using Guid(9279339db9a8325489a70154838bf5e9) Importer(815301076,1909f56bfc062723c751e8b465ee728b)  -> (artifact id: '27894b7814e8503f44d4a8fc397d01a7') in 0.048676 seconds 
========================================================================
Received Import Request.
  Time since last request: 143.421312 seconds.
  path: Assets/Prefabs/Single-Platform Raft.prefab
  artifactKey: Guid(ed6ef478701564b47b7754d4be267d5b) Importer(815301076,1909f56bfc062723c751e8b465ee728b)
Start importing Assets/Prefabs/Single-Platform Raft.prefab using Guid(ed6ef478701564b47b7754d4be267d5b) Importer(815301076,1909f56bfc062723c751e8b465ee728b)  -> (artifact id: '28218a02df68cc88d7286ce327922fb4') in 0.087823 seconds 
========================================================================
Received Import Request.
  Time since last request: 34.082893 seconds.
  path: Assets/Prefabs/Two_Platform Raft 1.prefab
  artifactKey: Guid(0f4c413fcd17e93429ea77c14cb68eed) Importer(815301076,1909f56bfc062723c751e8b465ee728b)
Start importing Assets/Prefabs/Two_Platform Raft 1.prefab using Guid(0f4c413fcd17e93429ea77c14cb68eed) Importer(815301076,1909f56bfc062723c751e8b465ee728b)  -> (artifact id: 'c01121bd497c1e7a5c1f470b392bb6c4') in 0.056703 seconds 
========================================================================
Received Import Request.
  Time since last request: 51.111513 seconds.
  path: Assets/Prefabs/Two_Platform Raft 1.prefab
  artifactKey: Guid(0f4c413fcd17e93429ea77c14cb68eed) Importer(815301076,1909f56bfc062723c751e8b465ee728b)
Start importing Assets/Prefabs/Two_Platform Raft 1.prefab using Guid(0f4c413fcd17e93429ea77c14cb68eed) Importer(815301076,1909f56bfc062723c751e8b465ee728b)  -> (artifact id: '0361cafb5380454db50c6b0a7cd12972') in 0.038274 seconds 
========================================================================
Received Prepare
Registering precompiled user dll's ...
Registered in 0.007439 seconds.
Begin MonoManager ReloadAssembly
Native extension for WindowsStandalone target not found
Refreshing native plugins compatible for Editor in 1.31 ms, found 1 plugins.
Preloading 0 native plugins for Editor in 0.00 ms.
Mono: successfully reloaded assembly
- Completed reload, in  1.382 seconds
Platform modules already initialized, skipping
Switching build target platform(19) subTarget(0) extendedPlatform(0) -> platform(13) subTarget(537395200) extendedPlatform(0)
Refreshing native plugins compatible for Editor in 0.91 ms, found 1 plugins.
Preloading 0 native plugins for Editor in 0.00 ms.
Unloading 2682 Unused Serialized files (Serialized files now loaded: 0)
System memory in use before: 193.4 MB.
System memory in use after: 193.6 MB.

Unloading 14 unused Assets to reduce memory usage. Loaded Objects now: 3208.
Total: 5.932800 ms (FindLiveObjects: 0.776000 ms CreateObjectMapping: 0.257300 ms MarkObjects: 4.764800 ms  DeleteObjects: 0.132500 ms)

AssetImportParameters requested are different than current active one (requested -> active):
  custom:graphics/normal-map-encoding: 01000000000000000000000000000000 -> 02000000000000000000000000000000
========================================================================
Received Import Request.
  Time since last request: 47.209017 seconds.
  path: Assets/Prefabs/Single-Platform Raft.prefab
  artifactKey: Guid(ed6ef478701564b47b7754d4be267d5b) Importer(815301076,1909f56bfc062723c751e8b465ee728b)
Start importing Assets/Prefabs/Single-Platform Raft.prefab using Guid(ed6ef478701564b47b7754d4be267d5b) Importer(815301076,1909f56bfc062723c751e8b465ee728b)  -> (artifact id: 'c2f0b315fd147e62f39285696653c36f') in 0.151247 seconds 
========================================================================
Received Prepare
Registering precompiled user dll's ...
Registered in 0.006025 seconds.
Begin MonoManager ReloadAssembly
Native extension for WindowsStandalone target not found
Refreshing native plugins compatible for Editor in 1.68 ms, found 1 plugins.
Preloading 0 native plugins for Editor in 0.00 ms.
Mono: successfully reloaded assembly
- Completed reload, in  1.465 seconds
Platform modules already initialized, skipping
Switching build target platform(19) subTarget(0) extendedPlatform(0) -> platform(13) subTarget(537395200) extendedPlatform(0)
Refreshing native plugins compatible for Editor in 1.03 ms, found 1 plugins.
Preloading 0 native plugins for Editor in 0.00 ms.
Unloading 2682 Unused Serialized files (Serialized files now loaded: 0)
System memory in use before: 193.4 MB.
System memory in use after: 193.6 MB.

Unloading 14 unused Assets to reduce memory usage. Loaded Objects now: 3212.
Total: 5.506500 ms (FindLiveObjects: 0.808700 ms CreateObjectMapping: 0.336000 ms MarkObjects: 4.201000 ms  DeleteObjects: 0.157900 ms)

AssetImportParameters requested are different than current active one (requested -> active):
  custom:graphics/normal-map-encoding: 01000000000000000000000000000000 -> 02000000000000000000000000000000
========================================================================
Received Import Request.
  Time since last request: 118.885233 seconds.
  path: Assets/Prefabs/Three-Platform Raft.prefab
  artifactKey: Guid(08a03087e5d5fd6438bbe4b0512f3b24) Importer(815301076,1909f56bfc062723c751e8b465ee728b)
Start importing Assets/Prefabs/Three-Platform Raft.prefab using Guid(08a03087e5d5fd6438bbe4b0512f3b24) Importer(815301076,1909f56bfc062723c751e8b465ee728b)  -> (artifact id: 'd7820b6d12182def6b8f15b7baa0b441') in 0.164719 seconds 
========================================================================
Received Import Request.
  Time since last request: 50.268001 seconds.
  path: Assets/Prefabs/Four-Platform Raft.prefab
  artifactKey: Guid(9d8fe2b13da366c47963ce7f4ab17b05) Importer(815301076,1909f56bfc062723c751e8b465ee728b)
Start importing Assets/Prefabs/Four-Platform Raft.prefab using Guid(9d8fe2b13da366c47963ce7f4ab17b05) Importer(815301076,1909f56bfc062723c751e8b465ee728b)  -> (artifact id: 'f502853bca032ed43be607e039ceba91') in 0.047626 seconds 
========================================================================
Received Import Request.
  Time since last request: 11.712690 seconds.
  path: Assets/Prefabs/Four-Platform Raft.prefab
  artifactKey: Guid(9d8fe2b13da366c47963ce7f4ab17b05) Importer(815301076,1909f56bfc062723c751e8b465ee728b)
Start importing Assets/Prefabs/Four-Platform Raft.prefab using Guid(9d8fe2b13da366c47963ce7f4ab17b05) Importer(815301076,1909f56bfc062723c751e8b465ee728b)  -> (artifact id: 'd3dd6d62b8297dee9e74f5f9597b6479') in 0.086098 seconds 
========================================================================
Received Prepare
Registering precompiled user dll's ...
Registered in 0.003881 seconds.
Begin MonoManager ReloadAssembly
Native extension for WindowsStandalone target not found
Refreshing native plugins compatible for Editor in 1.59 ms, found 1 plugins.
Preloading 0 native plugins for Editor in 0.00 ms.
Mono: successfully reloaded assembly
- Completed reload, in  1.424 seconds
Platform modules already initialized, skipping
Switching build target platform(19) subTarget(0) extendedPlatform(0) -> platform(13) subTarget(537395200) extendedPlatform(0)
Refreshing native plugins compatible for Editor in 1.24 ms, found 1 plugins.
Preloading 0 native plugins for Editor in 0.00 ms.
Unloading 2682 Unused Serialized files (Serialized files now loaded: 0)
System memory in use before: 194.0 MB.
System memory in use after: 194.2 MB.

Unloading 14 unused Assets to reduce memory usage. Loaded Objects now: 3216.
Total: 5.752100 ms (FindLiveObjects: 0.681200 ms CreateObjectMapping: 0.358900 ms MarkObjects: 4.585800 ms  DeleteObjects: 0.122700 ms)

AssetImportParameters requested are different than current active one (requested -> active):
  custom:graphics/normal-map-encoding: 01000000000000000000000000000000 -> 02000000000000000000000000000000
========================================================================
Received Prepare
Registering precompiled user dll's ...
Registered in 0.005158 seconds.
Begin MonoManager ReloadAssembly
Native extension for WindowsStandalone target not found
Refreshing native plugins compatible for Editor in 1.26 ms, found 1 plugins.
Preloading 0 native plugins for Editor in 0.00 ms.
Mono: successfully reloaded assembly
- Completed reload, in  1.730 seconds
Platform modules already initialized, skipping
Switching build target platform(19) subTarget(0) extendedPlatform(0) -> platform(13) subTarget(537395200) extendedPlatform(0)
Refreshing native plugins compatible for Editor in 1.79 ms, found 1 plugins.
Preloading 0 native plugins for Editor in 0.00 ms.
Unloading 2682 Unused Serialized files (Serialized files now loaded: 0)
System memory in use before: 194.0 MB.
System memory in use after: 194.2 MB.

Unloading 12 unused Assets to reduce memory usage. Loaded Objects now: 3219.
Total: 4.930400 ms (FindLiveObjects: 0.728100 ms CreateObjectMapping: 0.177900 ms MarkObjects: 3.919700 ms  DeleteObjects: 0.101600 ms)

AssetImportParameters requested are different than current active one (requested -> active):
  custom:graphics/normal-map-encoding: 01000000000000000000000000000000 -> 02000000000000000000000000000000
========================================================================
Received Prepare
Registering precompiled user dll's ...
Registered in 0.005437 seconds.
Begin MonoManager ReloadAssembly
Native extension for WindowsStandalone target not found
Refreshing native plugins compatible for Editor in 1.09 ms, found 1 plugins.
Preloading 0 native plugins for Editor in 0.00 ms.
Mono: successfully reloaded assembly
- Completed reload, in  1.593 seconds
Platform modules already initialized, skipping
Switching build target platform(19) subTarget(0) extendedPlatform(0) -> platform(13) subTarget(537395200) extendedPlatform(0)
Refreshing native plugins compatible for Editor in 1.04 ms, found 1 plugins.
Preloading 0 native plugins for Editor in 0.00 ms.
Unloading 2682 Unused Serialized files (Serialized files now loaded: 0)
System memory in use before: 194.0 MB.
System memory in use after: 194.2 MB.

Unloading 12 unused Assets to reduce memory usage. Loaded Objects now: 3222.
Total: 5.771400 ms (FindLiveObjects: 0.595400 ms CreateObjectMapping: 0.213200 ms MarkObjects: 4.849400 ms  DeleteObjects: 0.110100 ms)

AssetImportParameters requested are different than current active one (requested -> active):
  custom:graphics/normal-map-encoding: 01000000000000000000000000000000 -> 02000000000000000000000000000000
========================================================================
Received Prepare
Registering precompiled user dll's ...
Registered in 0.003946 seconds.
Begin MonoManager ReloadAssembly
Native extension for WindowsStandalone target not found
Refreshing native plugins compatible for Editor in 0.96 ms, found 1 plugins.
Preloading 0 native plugins for Editor in 0.00 ms.
Mono: successfully reloaded assembly
- Completed reload, in  1.510 seconds
Platform modules already initialized, skipping
Switching build target platform(19) subTarget(0) extendedPlatform(0) -> platform(13) subTarget(537395200) extendedPlatform(0)
Refreshing native plugins compatible for Editor in 1.02 ms, found 1 plugins.
Preloading 0 native plugins for Editor in 0.00 ms.
Unloading 2682 Unused Serialized files (Serialized files now loaded: 0)
System memory in use before: 194.0 MB.
System memory in use after: 194.2 MB.

Unloading 12 unused Assets to reduce memory usage. Loaded Objects now: 3225.
Total: 5.405300 ms (FindLiveObjects: 1.160600 ms CreateObjectMapping: 0.311600 ms MarkObjects: 3.820900 ms  DeleteObjects: 0.109400 ms)

AssetImportParameters requested are different than current active one (requested -> active):
  custom:graphics/normal-map-encoding: 01000000000000000000000000000000 -> 02000000000000000000000000000000
========================================================================
Received Import Request.
  Time since last request: 1301.744665 seconds.
  path: Assets/Prefabs/Four-Platform Raft.prefab
  artifactKey: Guid(9d8fe2b13da366c47963ce7f4ab17b05) Importer(815301076,1909f56bfc062723c751e8b465ee728b)
Start importing Assets/Prefabs/Four-Platform Raft.prefab using Guid(9d8fe2b13da366c47963ce7f4ab17b05) Importer(815301076,1909f56bfc062723c751e8b465ee728b)  -> (artifact id: '8cb652cf28bff32d0476e24b7b4bd2e0') in 0.387761 seconds 
========================================================================
Received Import Request.
  Time since last request: 0.000568 seconds.
  path: Assets/Prefabs/Single-Platform Raft.prefab
  artifactKey: Guid(ed6ef478701564b47b7754d4be267d5b) Importer(815301076,1909f56bfc062723c751e8b465ee728b)
Start importing Assets/Prefabs/Single-Platform Raft.prefab using Guid(ed6ef478701564b47b7754d4be267d5b) Importer(815301076,1909f56bfc062723c751e8b465ee728b)  -> (artifact id: '716913bd517f7112fa9c913fa009c505') in 0.032419 seconds 
========================================================================
Received Import Request.
  Time since last request: 0.000801 seconds.
  path: Assets/Prefabs/Three-Platform Raft.prefab
  artifactKey: Guid(08a03087e5d5fd6438bbe4b0512f3b24) Importer(815301076,1909f56bfc062723c751e8b465ee728b)
Start importing Assets/Prefabs/Three-Platform Raft.prefab using Guid(08a03087e5d5fd6438bbe4b0512f3b24) Importer(815301076,1909f56bfc062723c751e8b465ee728b)  -> (artifact id: '78a15e4a1ef981d0c7c71474f8b929f5') in 0.051139 seconds 
========================================================================
Received Import Request.
  Time since last request: 0.000441 seconds.
  path: Assets/Prefabs/Two_Platform Raft 1.prefab
  artifactKey: Guid(0f4c413fcd17e93429ea77c14cb68eed) Importer(815301076,1909f56bfc062723c751e8b465ee728b)
Start importing Assets/Prefabs/Two_Platform Raft 1.prefab using Guid(0f4c413fcd17e93429ea77c14cb68eed) Importer(815301076,1909f56bfc062723c751e8b465ee728b)  -> (artifact id: '41647bbda72d122cb327f1144189ccea') in 0.039791 seconds 
========================================================================
Received Import Request.
  Time since last request: 0.000513 seconds.
  path: Assets/Prefabs/Platform.prefab
  artifactKey: Guid(a408d0708960325438437ab650eafe1a) Importer(815301076,1909f56bfc062723c751e8b465ee728b)
Start importing Assets/Prefabs/Platform.prefab using Guid(a408d0708960325438437ab650eafe1a) Importer(815301076,1909f56bfc062723c751e8b465ee728b)  -> (artifact id: '35523a77fdc379f23ff1778b29f9df8e') in 0.029424 seconds 
========================================================================
Received Import Request.
  Time since last request: 0.000381 seconds.
  path: Assets/Prefabs/Dweller.prefab
  artifactKey: Guid(ec44bd4213dd9334c9b71d5d62b54f10) Importer(815301076,1909f56bfc062723c751e8b465ee728b)
Start importing Assets/Prefabs/Dweller.prefab using Guid(ec44bd4213dd9334c9b71d5d62b54f10) Importer(815301076,1909f56bfc062723c751e8b465ee728b)  -> (artifact id: '4b6acde58cd829995f35a16c61eaa41d') in 0.029001 seconds 
========================================================================
Received Prepare
Registering precompiled user dll's ...
Registered in 0.004868 seconds.
Begin MonoManager ReloadAssembly
Native extension for WindowsStandalone target not found
Refreshing native plugins compatible for Editor in 0.99 ms, found 1 plugins.
Preloading 0 native plugins for Editor in 0.00 ms.
Mono: successfully reloaded assembly
- Completed reload, in  1.510 seconds
Platform modules already initialized, skipping
Switching build target platform(19) subTarget(0) extendedPlatform(0) -> platform(13) subTarget(537395200) extendedPlatform(0)
Refreshing native plugins compatible for Editor in 0.97 ms, found 1 plugins.
Preloading 0 native plugins for Editor in 0.00 ms.
Unloading 2682 Unused Serialized files (Serialized files now loaded: 0)
System memory in use before: 194.1 MB.
System memory in use after: 194.3 MB.

Unloading 15 unused Assets to reduce memory usage. Loaded Objects now: 3229.
Total: 6.369600 ms (FindLiveObjects: 0.741800 ms CreateObjectMapping: 0.336600 ms MarkObjects: 5.139700 ms  DeleteObjects: 0.148800 ms)

AssetImportParameters requested are different than current active one (requested -> active):
  custom:graphics/normal-map-encoding: 01000000000000000000000000000000 -> 02000000000000000000000000000000
========================================================================
Received Prepare
Registering precompiled user dll's ...
Registered in 0.876087 seconds.
Begin MonoManager ReloadAssembly
Native extension for WindowsStandalone target not found
Refreshing native plugins compatible for Editor in 1.57 ms, found 1 plugins.
Preloading 0 native plugins for Editor in 0.00 ms.
Mono: successfully reloaded assembly
- Completed reload, in  1.770 seconds
Platform modules already initialized, skipping
Switching build target platform(19) subTarget(0) extendedPlatform(0) -> platform(13) subTarget(537395200) extendedPlatform(0)
Refreshing native plugins compatible for Editor in 1.66 ms, found 1 plugins.
Preloading 0 native plugins for Editor in 0.00 ms.
Unloading 2682 Unused Serialized files (Serialized files now loaded: 0)
System memory in use before: 194.1 MB.
System memory in use after: 194.3 MB.

Unloading 12 unused Assets to reduce memory usage. Loaded Objects now: 3232.
Total: 5.605500 ms (FindLiveObjects: 0.700700 ms CreateObjectMapping: 0.313200 ms MarkObjects: 4.472800 ms  DeleteObjects: 0.115700 ms)

AssetImportParameters requested are different than current active one (requested -> active):
  custom:graphics/normal-map-encoding: 01000000000000000000000000000000 -> 02000000000000000000000000000000
========================================================================
Received Prepare
Registering precompiled user dll's ...
Registered in 0.007548 seconds.
Begin MonoManager ReloadAssembly
Native extension for WindowsStandalone target not found
Refreshing native plugins compatible for Editor in 1.50 ms, found 1 plugins.
Preloading 0 native plugins for Editor in 0.00 ms.
Mono: successfully reloaded assembly
- Completed reload, in  1.747 seconds
Platform modules already initialized, skipping
Switching build target platform(19) subTarget(0) extendedPlatform(0) -> platform(13) subTarget(537395200) extendedPlatform(0)
Refreshing native plugins compatible for Editor in 1.45 ms, found 1 plugins.
Preloading 0 native plugins for Editor in 0.00 ms.
Unloading 2682 Unused Serialized files (Serialized files now loaded: 0)
System memory in use before: 194.1 MB.
System memory in use after: 194.3 MB.

Unloading 12 unused Assets to reduce memory usage. Loaded Objects now: 3235.
Total: 6.035400 ms (FindLiveObjects: 0.974600 ms CreateObjectMapping: 0.419500 ms MarkObjects: 4.536700 ms  DeleteObjects: 0.101900 ms)

AssetImportParameters requested are different than current active one (requested -> active):
  custom:graphics/normal-map-encoding: 01000000000000000000000000000000 -> 02000000000000000000000000000000
========================================================================
Received Prepare
Registering precompiled user dll's ...
Registered in 0.006422 seconds.
Begin MonoManager ReloadAssembly
Native extension for WindowsStandalone target not found
Refreshing native plugins compatible for Editor in 0.94 ms, found 1 plugins.
Preloading 0 native plugins for Editor in 0.00 ms.
Mono: successfully reloaded assembly
- Completed reload, in  1.513 seconds
Platform modules already initialized, skipping
Switching build target platform(19) subTarget(0) extendedPlatform(0) -> platform(13) subTarget(537395200) extendedPlatform(0)
Refreshing native plugins compatible for Editor in 1.75 ms, found 1 plugins.
Preloading 0 native plugins for Editor in 0.00 ms.
Unloading 2682 Unused Serialized files (Serialized files now loaded: 0)
System memory in use before: 194.1 MB.
System memory in use after: 194.3 MB.

Unloading 12 unused Assets to reduce memory usage. Loaded Objects now: 3238.
Total: 5.343700 ms (FindLiveObjects: 0.901200 ms CreateObjectMapping: 0.348900 ms MarkObjects: 3.977600 ms  DeleteObjects: 0.111500 ms)

AssetImportParameters requested are different than current active one (requested -> active):
  custom:graphics/normal-map-encoding: 01000000000000000000000000000000 -> 02000000000000000000000000000000
========================================================================
Received Prepare
Registering precompiled user dll's ...
Registered in 0.075273 seconds.
Begin MonoManager ReloadAssembly
Native extension for WindowsStandalone target not found
Refreshing native plugins compatible for Editor in 0.94 ms, found 1 plugins.
Preloading 0 native plugins for Editor in 0.00 ms.
Mono: successfully reloaded assembly
- Completed reload, in  1.827 seconds
Platform modules already initialized, skipping
Switching build target platform(19) subTarget(0) extendedPlatform(0) -> platform(13) subTarget(537395200) extendedPlatform(0)
Refreshing native plugins compatible for Editor in 1.04 ms, found 1 plugins.
Preloading 0 native plugins for Editor in 0.00 ms.
Unloading 2682 Unused Serialized files (Serialized files now loaded: 0)
System memory in use before: 194.1 MB.
System memory in use after: 194.3 MB.

Unloading 12 unused Assets to reduce memory usage. Loaded Objects now: 3241.
Total: 5.254500 ms (FindLiveObjects: 0.656200 ms CreateObjectMapping: 0.197600 ms MarkObjects: 4.294500 ms  DeleteObjects: 0.100400 ms)

AssetImportParameters requested are different than current active one (requested -> active):
  custom:graphics/normal-map-encoding: 01000000000000000000000000000000 -> 02000000000000000000000000000000
========================================================================
Received Import Request.
  Time since last request: 3574.359099 seconds.
  path: Assets/Prefabs/Four-Platform Raft.prefab
  artifactKey: Guid(9d8fe2b13da366c47963ce7f4ab17b05) Importer(815301076,1909f56bfc062723c751e8b465ee728b)
Start importing Assets/Prefabs/Four-Platform Raft.prefab using Guid(9d8fe2b13da366c47963ce7f4ab17b05) Importer(815301076,1909f56bfc062723c751e8b465ee728b)  -> (artifact id: 'c51a83f814e881f78743e2f674355f15') in 0.364239 seconds 
========================================================================
Received Import Request.
  Time since last request: 0.000407 seconds.
  path: Assets/Prefabs/Single-Platform Raft.prefab
  artifactKey: Guid(ed6ef478701564b47b7754d4be267d5b) Importer(815301076,1909f56bfc062723c751e8b465ee728b)
Start importing Assets/Prefabs/Single-Platform Raft.prefab using Guid(ed6ef478701564b47b7754d4be267d5b) Importer(815301076,1909f56bfc062723c751e8b465ee728b)  -> (artifact id: 'dbff1219a42b918e0e727dd621eaf2b4') in 0.039619 seconds 
========================================================================
Received Import Request.
  Time since last request: 0.000491 seconds.
  path: Assets/Prefabs/Three-Platform Raft.prefab
  artifactKey: Guid(08a03087e5d5fd6438bbe4b0512f3b24) Importer(815301076,1909f56bfc062723c751e8b465ee728b)
Start importing Assets/Prefabs/Three-Platform Raft.prefab using Guid(08a03087e5d5fd6438bbe4b0512f3b24) Importer(815301076,1909f56bfc062723c751e8b465ee728b)  -> (artifact id: '056652f31af38604d15a4770c87c0822') in 0.047918 seconds 
========================================================================
Received Import Request.
  Time since last request: 0.000374 seconds.
  path: Assets/Prefabs/Two_Platform Raft 1.prefab
  artifactKey: Guid(0f4c413fcd17e93429ea77c14cb68eed) Importer(815301076,1909f56bfc062723c751e8b465ee728b)
Start importing Assets/Prefabs/Two_Platform Raft 1.prefab using Guid(0f4c413fcd17e93429ea77c14cb68eed) Importer(815301076,1909f56bfc062723c751e8b465ee728b)  -> (artifact id: 'c3c6ebf828543b427f989c45482e53d4') in 0.073910 seconds 
========================================================================
Received Import Request.
  Time since last request: 0.000419 seconds.
  path: Assets/Prefabs/Platform.prefab
  artifactKey: Guid(a408d0708960325438437ab650eafe1a) Importer(815301076,1909f56bfc062723c751e8b465ee728b)
Start importing Assets/Prefabs/Platform.prefab using Guid(a408d0708960325438437ab650eafe1a) Importer(815301076,1909f56bfc062723c751e8b465ee728b)  -> (artifact id: 'f9267a2e3f4045dbba6f3239fe8191f8') in 0.035396 seconds 
========================================================================
Received Import Request.
  Time since last request: 0.000390 seconds.
  path: Assets/Prefabs/Dweller.prefab
  artifactKey: Guid(ec44bd4213dd9334c9b71d5d62b54f10) Importer(815301076,1909f56bfc062723c751e8b465ee728b)
Start importing Assets/Prefabs/Dweller.prefab using Guid(ec44bd4213dd9334c9b71d5d62b54f10) Importer(815301076,1909f56bfc062723c751e8b465ee728b)  -> (artifact id: '5564b49a01d4ef3a4f17bbcbc7e937d7') in 0.035049 seconds 
========================================================================
Received Prepare
Registering precompiled user dll's ...
Registered in 0.006105 seconds.
Begin MonoManager ReloadAssembly
Native extension for WindowsStandalone target not found
Refreshing native plugins compatible for Editor in 0.91 ms, found 1 plugins.
Preloading 0 native plugins for Editor in 0.00 ms.
Mono: successfully reloaded assembly
- Completed reload, in  1.484 seconds
Platform modules already initialized, skipping
Switching build target platform(19) subTarget(0) extendedPlatform(0) -> platform(13) subTarget(537395200) extendedPlatform(0)
Refreshing native plugins compatible for Editor in 1.33 ms, found 1 plugins.
Preloading 0 native plugins for Editor in 0.00 ms.
Unloading 2682 Unused Serialized files (Serialized files now loaded: 0)
System memory in use before: 194.1 MB.
System memory in use after: 194.3 MB.

Unloading 15 unused Assets to reduce memory usage. Loaded Objects now: 3245.
Total: 5.633100 ms (FindLiveObjects: 0.982700 ms CreateObjectMapping: 0.371500 ms MarkObjects: 4.115400 ms  DeleteObjects: 0.159000 ms)

AssetImportParameters requested are different than current active one (requested -> active):
  custom:graphics/normal-map-encoding: 01000000000000000000000000000000 -> 02000000000000000000000000000000
========================================================================
Received Prepare
Registering precompiled user dll's ...
Registered in 0.004886 seconds.
Begin MonoManager ReloadAssembly
Native extension for WindowsStandalone target not found
Refreshing native plugins compatible for Editor in 1.35 ms, found 1 plugins.
Preloading 0 native plugins for Editor in 0.00 ms.
Mono: successfully reloaded assembly
- Completed reload, in  1.626 seconds
Platform modules already initialized, skipping
Switching build target platform(19) subTarget(0) extendedPlatform(0) -> platform(13) subTarget(537395200) extendedPlatform(0)
Refreshing native plugins compatible for Editor in 1.63 ms, found 1 plugins.
Preloading 0 native plugins for Editor in 0.00 ms.
Unloading 2682 Unused Serialized files (Serialized files now loaded: 0)
System memory in use before: 194.1 MB.
System memory in use after: 194.3 MB.

Unloading 12 unused Assets to reduce memory usage. Loaded Objects now: 3248.
Total: 6.548000 ms (FindLiveObjects: 0.879000 ms CreateObjectMapping: 0.393300 ms MarkObjects: 5.116800 ms  DeleteObjects: 0.154500 ms)

AssetImportParameters requested are different than current active one (requested -> active):
  custom:graphics/normal-map-encoding: 01000000000000000000000000000000 -> 02000000000000000000000000000000
========================================================================
Received Prepare
Registering precompiled user dll's ...
Registered in 0.004189 seconds.
Begin MonoManager ReloadAssembly
Native extension for WindowsStandalone target not found
Refreshing native plugins compatible for Editor in 0.87 ms, found 1 plugins.
Preloading 0 native plugins for Editor in 0.00 ms.
Mono: successfully reloaded assembly
- Completed reload, in  1.448 seconds
Platform modules already initialized, skipping
Switching build target platform(19) subTarget(0) extendedPlatform(0) -> platform(13) subTarget(537395200) extendedPlatform(0)
Refreshing native plugins compatible for Editor in 1.13 ms, found 1 plugins.
Preloading 0 native plugins for Editor in 0.00 ms.
Unloading 2682 Unused Serialized files (Serialized files now loaded: 0)
System memory in use before: 194.1 MB.
System memory in use after: 194.3 MB.

Unloading 12 unused Assets to reduce memory usage. Loaded Objects now: 3251.
Total: 4.638200 ms (FindLiveObjects: 0.804300 ms CreateObjectMapping: 0.210000 ms MarkObjects: 3.501200 ms  DeleteObjects: 0.120000 ms)

AssetImportParameters requested are different than current active one (requested -> active):
  custom:graphics/normal-map-encoding: 01000000000000000000000000000000 -> 02000000000000000000000000000000
========================================================================
Received Prepare
Registering precompiled user dll's ...
Registered in 0.005749 seconds.
Begin MonoManager ReloadAssembly
Native extension for WindowsStandalone target not found
Refreshing native plugins compatible for Editor in 1.46 ms, found 1 plugins.
Preloading 0 native plugins for Editor in 0.00 ms.
Mono: successfully reloaded assembly
- Completed reload, in  1.508 seconds
Platform modules already initialized, skipping
Switching build target platform(19) subTarget(0) extendedPlatform(0) -> platform(13) subTarget(537395200) extendedPlatform(0)
Refreshing native plugins compatible for Editor in 1.46 ms, found 1 plugins.
Preloading 0 native plugins for Editor in 0.00 ms.
Unloading 2682 Unused Serialized files (Serialized files now loaded: 0)
System memory in use before: 194.1 MB.
System memory in use after: 194.3 MB.

Unloading 12 unused Assets to reduce memory usage. Loaded Objects now: 3254.
Total: 5.020600 ms (FindLiveObjects: 0.603400 ms CreateObjectMapping: 0.322100 ms MarkObjects: 3.921700 ms  DeleteObjects: 0.170200 ms)

AssetImportParameters requested are different than current active one (requested -> active):
  custom:graphics/normal-map-encoding: 01000000000000000000000000000000 -> 02000000000000000000000000000000
========================================================================
Received Prepare
Registering precompiled user dll's ...
Registered in 0.004061 seconds.
Begin MonoManager ReloadAssembly
Native extension for WindowsStandalone target not found
Refreshing native plugins compatible for Editor in 1.69 ms, found 1 plugins.
Preloading 0 native plugins for Editor in 0.00 ms.
Mono: successfully reloaded assembly
- Completed reload, in  1.615 seconds
Platform modules already initialized, skipping
Switching build target platform(19) subTarget(0) extendedPlatform(0) -> platform(13) subTarget(537395200) extendedPlatform(0)
Refreshing native plugins compatible for Editor in 1.33 ms, found 1 plugins.
Preloading 0 native plugins for Editor in 0.00 ms.
Unloading 2682 Unused Serialized files (Serialized files now loaded: 0)
System memory in use before: 194.1 MB.
System memory in use after: 194.3 MB.

Unloading 12 unused Assets to reduce memory usage. Loaded Objects now: 3257.
Total: 4.392800 ms (FindLiveObjects: 0.644900 ms CreateObjectMapping: 0.279800 ms MarkObjects: 3.368400 ms  DeleteObjects: 0.097600 ms)

AssetImportParameters requested are different than current active one (requested -> active):
  custom:graphics/normal-map-encoding: 01000000000000000000000000000000 -> 02000000000000000000000000000000
========================================================================
Received Prepare
Registering precompiled user dll's ...
Registered in 0.006523 seconds.
Begin MonoManager ReloadAssembly
Native extension for WindowsStandalone target not found
Refreshing native plugins compatible for Editor in 1.38 ms, found 1 plugins.
Preloading 0 native plugins for Editor in 0.00 ms.
Mono: successfully reloaded assembly
- Completed reload, in  1.540 seconds
Platform modules already initialized, skipping
Switching build target platform(19) subTarget(0) extendedPlatform(0) -> platform(13) subTarget(537395200) extendedPlatform(0)
Refreshing native plugins compatible for Editor in 1.61 ms, found 1 plugins.
Preloading 0 native plugins for Editor in 0.00 ms.
Unloading 2682 Unused Serialized files (Serialized files now loaded: 0)
System memory in use before: 194.1 MB.
System memory in use after: 194.3 MB.

Unloading 12 unused Assets to reduce memory usage. Loaded Objects now: 3260.
Total: 5.685400 ms (FindLiveObjects: 0.996000 ms CreateObjectMapping: 0.400900 ms MarkObjects: 4.141900 ms  DeleteObjects: 0.142200 ms)

AssetImportParameters requested are different than current active one (requested -> active):
  custom:graphics/normal-map-encoding: 01000000000000000000000000000000 -> 02000000000000000000000000000000
========================================================================
Received Prepare
Registering precompiled user dll's ...
Registered in 0.006915 seconds.
Begin MonoManager ReloadAssembly
Native extension for WindowsStandalone target not found
Refreshing native plugins compatible for Editor in 1.02 ms, found 1 plugins.
Preloading 0 native plugins for Editor in 0.00 ms.
Mono: successfully reloaded assembly
- Completed reload, in  1.622 seconds
Platform modules already initialized, skipping
Switching build target platform(19) subTarget(0) extendedPlatform(0) -> platform(13) subTarget(537395200) extendedPlatform(0)
Refreshing native plugins compatible for Editor in 1.01 ms, found 1 plugins.
Preloading 0 native plugins for Editor in 0.00 ms.
Unloading 2682 Unused Serialized files (Serialized files now loaded: 0)
System memory in use before: 194.2 MB.
System memory in use after: 194.4 MB.

Unloading 12 unused Assets to reduce memory usage. Loaded Objects now: 3263.
Total: 4.621000 ms (FindLiveObjects: 0.652500 ms CreateObjectMapping: 0.180300 ms MarkObjects: 3.684500 ms  DeleteObjects: 0.100600 ms)

AssetImportParameters requested are different than current active one (requested -> active):
  custom:graphics/normal-map-encoding: 01000000000000000000000000000000 -> 02000000000000000000000000000000
========================================================================
Received Prepare
Registering precompiled user dll's ...
Registered in 0.004165 seconds.
Begin MonoManager ReloadAssembly
Native extension for WindowsStandalone target not found
Refreshing native plugins compatible for Editor in 1.45 ms, found 1 plugins.
Preloading 0 native plugins for Editor in 0.00 ms.
Mono: successfully reloaded assembly
- Completed reload, in  1.528 seconds
Platform modules already initialized, skipping
Switching build target platform(19) subTarget(0) extendedPlatform(0) -> platform(13) subTarget(537395200) extendedPlatform(0)
Refreshing native plugins compatible for Editor in 1.13 ms, found 1 plugins.
Preloading 0 native plugins for Editor in 0.00 ms.
Unloading 2682 Unused Serialized files (Serialized files now loaded: 0)
System memory in use before: 194.2 MB.
System memory in use after: 194.4 MB.

Unloading 12 unused Assets to reduce memory usage. Loaded Objects now: 3266.
Total: 6.823700 ms (FindLiveObjects: 1.070100 ms CreateObjectMapping: 0.436900 ms MarkObjects: 5.106000 ms  DeleteObjects: 0.207200 ms)

AssetImportParameters requested are different than current active one (requested -> active):
  custom:graphics/normal-map-encoding: 01000000000000000000000000000000 -> 02000000000000000000000000000000
========================================================================
Received Prepare
Registering precompiled user dll's ...
Registered in 0.005504 seconds.
Begin MonoManager ReloadAssembly
Native extension for WindowsStandalone target not found
Refreshing native plugins compatible for Editor in 0.97 ms, found 1 plugins.
Preloading 0 native plugins for Editor in 0.00 ms.
Mono: successfully reloaded assembly
- Completed reload, in  1.586 seconds
Platform modules already initialized, skipping
Switching build target platform(19) subTarget(0) extendedPlatform(0) -> platform(13) subTarget(537395200) extendedPlatform(0)
Refreshing native plugins compatible for Editor in 1.05 ms, found 1 plugins.
Preloading 0 native plugins for Editor in 0.00 ms.
Unloading 2682 Unused Serialized files (Serialized files now loaded: 0)
System memory in use before: 194.2 MB.
System memory in use after: 194.4 MB.

Unloading 12 unused Assets to reduce memory usage. Loaded Objects now: 3269.
Total: 5.975800 ms (FindLiveObjects: 0.622500 ms CreateObjectMapping: 0.200600 ms MarkObjects: 5.043300 ms  DeleteObjects: 0.107000 ms)

AssetImportParameters requested are different than current active one (requested -> active):
  custom:graphics/normal-map-encoding: 01000000000000000000000000000000 -> 02000000000000000000000000000000
