Using pre-set license
Built from '2021.1/release' branch; Version is '2021.1.0f1 (61a549675243) revision 6399305'; Using compiler version '192528614'; Build Type 'Release'
OS: 'Windows 10 Home Single Language; OS build 19043.1237; Version 2009; 64bit' Language: 'ru' Physical Memory: 15741 MB
BatchMode: 1, IsHumanControllingUs: 0, StartBugReporterOnCrash: 0, Is64bit: 1, IsPro: 0

 COMMAND LINE ARGUMENTS:
C:\Program Files\Unity\Hub\Editor\2021.1.0f1\Editor\Unity.exe
-adb2
-batchMode
-noUpm
-name
AssetImportWorker0
-projectPath
D:/Repos/Rafts
-logFile
Logs/AssetImportWorker0.log
-srvPort
59169
Successfully changed project path to: D:/Repos/Rafts
D:/Repos/Rafts
Using Asset Import Pipeline V2.
Refreshing native plugins compatible for Editor in 113.89 ms, found 1 plugins.
Preloading 0 native plugins for Editor in 0.00 ms.
Initialize engine version: 2021.1.0f1 (61a549675243)
[Subsystems] Discovering subsystems at path C:/Program Files/Unity/Hub/Editor/2021.1.0f1/Editor/Data/Resources/UnitySubsystems
[Subsystems] Discovering subsystems at path D:/Repos/Rafts/Assets
GfxDevice: creating device client; threaded=0; jobified=0
Direct3D:
    Version:  Direct3D 11.0 [level 11.1]
    Renderer: NVIDIA GeForce GTX 1650 Ti (ID=0x1f95)
    Vendor:   NVIDIA
    VRAM:     3962 MB
    Driver:   27.21.14.5749
Initialize mono
Mono path[0] = 'C:/Program Files/Unity/Hub/Editor/2021.1.0f1/Editor/Data/Managed'
Mono path[1] = 'C:/Program Files/Unity/Hub/Editor/2021.1.0f1/Editor/Data/MonoBleedingEdge/lib/mono/unityjit'
Mono config path = 'C:/Program Files/Unity/Hub/Editor/2021.1.0f1/Editor/Data/MonoBleedingEdge/etc'
Using monoOptions --debugger-agent=transport=dt_socket,embedding=1,server=y,suspend=n,address=127.0.0.1:56064
Begin MonoManager ReloadAssembly
Registering precompiled unity dll's ...
Register platform support module: C:/Program Files/Unity/Hub/Editor/2021.1.0f1/Editor/Data/PlaybackEngines/WindowsStandaloneSupport/UnityEditor.WindowsStandalone.Extensions.dll
Registered in 0.002446 seconds.
Native extension for WindowsStandalone target not found
Refreshing native plugins compatible for Editor in 129.87 ms, found 1 plugins.
Preloading 0 native plugins for Editor in 0.00 ms.
Mono: successfully reloaded assembly
- Completed reload, in  2.569 seconds
Platform modules already initialized, skipping
Registering precompiled user dll's ...
Registered in 0.007767 seconds.
Begin MonoManager ReloadAssembly
Native extension for WindowsStandalone target not found
Refreshing native plugins compatible for Editor in 2.43 ms, found 1 plugins.
Preloading 0 native plugins for Editor in 0.00 ms.
Mono: successfully reloaded assembly
- Completed reload, in  1.548 seconds
Platform modules already initialized, skipping
========================================================================
Worker process is ready to serve import requests
Launched and connected shader compiler UnityShaderCompiler.exe after 0.09 seconds
Refreshing native plugins compatible for Editor in 2.10 ms, found 1 plugins.
Preloading 0 native plugins for Editor in 0.00 ms.
Unloading 2839 Unused Serialized files (Serialized files now loaded: 0)
System memory in use before: 213.1 MB.
System memory in use after: 209.4 MB.

Unloading 29 unused Assets to reduce memory usage. Loaded Objects now: 3294.
Total: 8.114400 ms (FindLiveObjects: 0.970600 ms CreateObjectMapping: 0.352800 ms MarkObjects: 3.838300 ms  DeleteObjects: 2.948900 ms)

========================================================================
Received Import Request.
  path: Assets/Scripts/Battle.cs
  artifactKey: Guid(4956753af8361634c920748638e9430b) Importer(815301076,1909f56bfc062723c751e8b465ee728b)
Start importing Assets/Scripts/Battle.cs using Guid(4956753af8361634c920748638e9430b) Importer(815301076,1909f56bfc062723c751e8b465ee728b)  -> (artifact id: '959fc4fe5970a65b06f5fe5684ce2ec0') in 0.061851 seconds 
========================================================================
Received Import Request.
  Time since last request: 2264.402060 seconds.
  path: Assets/Scripts/RaftConfigurator.cs
  artifactKey: Guid(b5fe4db3e2c550a47babe899eb5fac08) Importer(815301076,1909f56bfc062723c751e8b465ee728b)
Start importing Assets/Scripts/RaftConfigurator.cs using Guid(b5fe4db3e2c550a47babe899eb5fac08) Importer(815301076,1909f56bfc062723c751e8b465ee728b)  -> (artifact id: 'e8cdcbc495f49d835f891dac0fa37fd4') in 0.012944 seconds 
========================================================================
Received Prepare
Registering precompiled user dll's ...
Registered in 0.008547 seconds.
Begin MonoManager ReloadAssembly
Native extension for WindowsStandalone target not found
Refreshing native plugins compatible for Editor in 1.87 ms, found 1 plugins.
Preloading 0 native plugins for Editor in 0.00 ms.
Mono: successfully reloaded assembly
- Completed reload, in  1.526 seconds
Platform modules already initialized, skipping
Switching build target platform(19) subTarget(0) extendedPlatform(0) -> platform(13) subTarget(537395200) extendedPlatform(0)
Refreshing native plugins compatible for Editor in 2.35 ms, found 1 plugins.
Preloading 0 native plugins for Editor in 0.00 ms.
Unloading 2769 Unused Serialized files (Serialized files now loaded: 0)
System memory in use before: 204.3 MB.
System memory in use after: 200.6 MB.

Unloading 24 unused Assets to reduce memory usage. Loaded Objects now: 3298.
Total: 7.536500 ms (FindLiveObjects: 0.898000 ms CreateObjectMapping: 0.374100 ms MarkObjects: 3.737800 ms  DeleteObjects: 2.523200 ms)

AssetImportParameters requested are different than current active one (requested -> active):
  custom:graphics/normal-map-encoding: 01000000000000000000000000000000 -> 02000000000000000000000000000000
========================================================================
Received Prepare
Registering precompiled user dll's ...
Registered in 0.007243 seconds.
Begin MonoManager ReloadAssembly
Native extension for WindowsStandalone target not found
Refreshing native plugins compatible for Editor in 2.29 ms, found 1 plugins.
Preloading 0 native plugins for Editor in 0.00 ms.
Mono: successfully reloaded assembly
- Completed reload, in  1.540 seconds
Platform modules already initialized, skipping
Switching build target platform(19) subTarget(0) extendedPlatform(0) -> platform(13) subTarget(537395200) extendedPlatform(0)
Refreshing native plugins compatible for Editor in 1.68 ms, found 1 plugins.
Preloading 0 native plugins for Editor in 0.00 ms.
Unloading 2769 Unused Serialized files (Serialized files now loaded: 0)
System memory in use before: 204.3 MB.
System memory in use after: 200.6 MB.

Unloading 24 unused Assets to reduce memory usage. Loaded Objects now: 3301.
Total: 10.691400 ms (FindLiveObjects: 1.091400 ms CreateObjectMapping: 0.513800 ms MarkObjects: 6.437800 ms  DeleteObjects: 2.641300 ms)

AssetImportParameters requested are different than current active one (requested -> active):
  custom:graphics/normal-map-encoding: 01000000000000000000000000000000 -> 02000000000000000000000000000000
========================================================================
Received Import Request.
  Time since last request: 372.347330 seconds.
  path: Assets/Scripts/RaftConfigurator.cs
  artifactKey: Guid(b5fe4db3e2c550a47babe899eb5fac08) Importer(815301076,1909f56bfc062723c751e8b465ee728b)
Start importing Assets/Scripts/RaftConfigurator.cs using Guid(b5fe4db3e2c550a47babe899eb5fac08) Importer(815301076,1909f56bfc062723c751e8b465ee728b)  -> (artifact id: '5a8b19f26d0223f64127ebede4bc8626') in 0.012104 seconds 
========================================================================
Received Prepare
Registering precompiled user dll's ...
Registered in 0.007881 seconds.
Begin MonoManager ReloadAssembly
Native extension for WindowsStandalone target not found
Refreshing native plugins compatible for Editor in 2.16 ms, found 1 plugins.
Preloading 0 native plugins for Editor in 0.00 ms.
Mono: successfully reloaded assembly
- Completed reload, in  1.658 seconds
Platform modules already initialized, skipping
Switching build target platform(19) subTarget(0) extendedPlatform(0) -> platform(13) subTarget(537395200) extendedPlatform(0)
Refreshing native plugins compatible for Editor in 2.00 ms, found 1 plugins.
Preloading 0 native plugins for Editor in 0.00 ms.
Unloading 2769 Unused Serialized files (Serialized files now loaded: 0)
System memory in use before: 204.4 MB.
System memory in use after: 200.7 MB.

Unloading 24 unused Assets to reduce memory usage. Loaded Objects now: 3304.
Total: 8.364100 ms (FindLiveObjects: 0.736800 ms CreateObjectMapping: 0.237200 ms MarkObjects: 4.727000 ms  DeleteObjects: 2.657400 ms)

AssetImportParameters requested are different than current active one (requested -> active):
  custom:graphics/normal-map-encoding: 01000000000000000000000000000000 -> 02000000000000000000000000000000
========================================================================
Received Import Request.
  Time since last request: 83.248744 seconds.
  path: Assets/Scripts/RaftConfigurator.cs
  artifactKey: Guid(b5fe4db3e2c550a47babe899eb5fac08) Importer(815301076,1909f56bfc062723c751e8b465ee728b)
Start importing Assets/Scripts/RaftConfigurator.cs using Guid(b5fe4db3e2c550a47babe899eb5fac08) Importer(815301076,1909f56bfc062723c751e8b465ee728b)  -> (artifact id: 'ffad7420db51f36a559b1b6f35c931ca') in 0.011772 seconds 
========================================================================
Received Prepare
Registering precompiled user dll's ...
Registered in 0.006809 seconds.
Begin MonoManager ReloadAssembly
Native extension for WindowsStandalone target not found
Refreshing native plugins compatible for Editor in 1.53 ms, found 1 plugins.
Preloading 0 native plugins for Editor in 0.00 ms.
Mono: successfully reloaded assembly
- Completed reload, in  1.549 seconds
Platform modules already initialized, skipping
Switching build target platform(19) subTarget(0) extendedPlatform(0) -> platform(13) subTarget(537395200) extendedPlatform(0)
Refreshing native plugins compatible for Editor in 1.92 ms, found 1 plugins.
Preloading 0 native plugins for Editor in 0.00 ms.
Unloading 2769 Unused Serialized files (Serialized files now loaded: 0)
System memory in use before: 204.4 MB.
System memory in use after: 200.7 MB.

Unloading 24 unused Assets to reduce memory usage. Loaded Objects now: 3307.
Total: 7.876500 ms (FindLiveObjects: 0.688400 ms CreateObjectMapping: 0.325700 ms MarkObjects: 4.668700 ms  DeleteObjects: 2.187300 ms)

AssetImportParameters requested are different than current active one (requested -> active):
  custom:graphics/normal-map-encoding: 01000000000000000000000000000000 -> 02000000000000000000000000000000
========================================================================
Received Prepare
Registering precompiled user dll's ...
Registered in 0.010928 seconds.
Begin MonoManager ReloadAssembly
Native extension for WindowsStandalone target not found
Refreshing native plugins compatible for Editor in 2.46 ms, found 1 plugins.
Preloading 0 native plugins for Editor in 0.00 ms.
Mono: successfully reloaded assembly
- Completed reload, in  1.987 seconds
Platform modules already initialized, skipping
Switching build target platform(19) subTarget(0) extendedPlatform(0) -> platform(13) subTarget(537395200) extendedPlatform(0)
Refreshing native plugins compatible for Editor in 2.57 ms, found 1 plugins.
Preloading 0 native plugins for Editor in 0.00 ms.
Unloading 2770 Unused Serialized files (Serialized files now loaded: 0)
System memory in use before: 204.4 MB.
System memory in use after: 200.7 MB.

Unloading 24 unused Assets to reduce memory usage. Loaded Objects now: 3311.
Total: 10.209500 ms (FindLiveObjects: 1.119100 ms CreateObjectMapping: 0.471700 ms MarkObjects: 5.771500 ms  DeleteObjects: 2.842200 ms)

AssetImportParameters requested are different than current active one (requested -> active):
  custom:graphics/normal-map-encoding: 01000000000000000000000000000000 -> 02000000000000000000000000000000
========================================================================
Received Import Request.
  Time since last request: 830.051618 seconds.
  path: Assets/Scripts/SideSenser.cs
  artifactKey: Guid(c010f45936f1c3a4fb5aee274142a374) Importer(815301076,1909f56bfc062723c751e8b465ee728b)
Start importing Assets/Scripts/SideSenser.cs using Guid(c010f45936f1c3a4fb5aee274142a374) Importer(815301076,1909f56bfc062723c751e8b465ee728b)  -> (artifact id: 'd98c1d6113bd86dd2060f266ed44adda') in 0.021725 seconds 
========================================================================
Received Import Request.
  Time since last request: 11.846532 seconds.
  path: Assets/Scripts/SideSensor.cs
  artifactKey: Guid(c010f45936f1c3a4fb5aee274142a374) Importer(815301076,1909f56bfc062723c751e8b465ee728b)
Start importing Assets/Scripts/SideSensor.cs using Guid(c010f45936f1c3a4fb5aee274142a374) Importer(815301076,1909f56bfc062723c751e8b465ee728b)  -> (artifact id: '0915fe449afcbf42808703b644fa78db') in 0.019636 seconds 
========================================================================
Received Prepare
Registering precompiled user dll's ...
Registered in 0.006762 seconds.
Begin MonoManager ReloadAssembly
Native extension for WindowsStandalone target not found
Refreshing native plugins compatible for Editor in 1.24 ms, found 1 plugins.
Preloading 0 native plugins for Editor in 0.00 ms.
Mono: successfully reloaded assembly
- Completed reload, in  1.559 seconds
Platform modules already initialized, skipping
Switching build target platform(19) subTarget(0) extendedPlatform(0) -> platform(13) subTarget(537395200) extendedPlatform(0)
Refreshing native plugins compatible for Editor in 1.98 ms, found 1 plugins.
Preloading 0 native plugins for Editor in 0.00 ms.
Unloading 2770 Unused Serialized files (Serialized files now loaded: 0)
System memory in use before: 204.4 MB.
System memory in use after: 200.7 MB.

Unloading 24 unused Assets to reduce memory usage. Loaded Objects now: 3314.
Total: 7.132100 ms (FindLiveObjects: 0.813800 ms CreateObjectMapping: 0.159000 ms MarkObjects: 3.788100 ms  DeleteObjects: 2.366400 ms)

AssetImportParameters requested are different than current active one (requested -> active):
  custom:graphics/normal-map-encoding: 01000000000000000000000000000000 -> 02000000000000000000000000000000
========================================================================
Received Import Request.
  Time since last request: 28.714568 seconds.
  path: Assets/Scripts/SideSensor.cs
  artifactKey: Guid(c010f45936f1c3a4fb5aee274142a374) Importer(815301076,1909f56bfc062723c751e8b465ee728b)
Start importing Assets/Scripts/SideSensor.cs using Guid(c010f45936f1c3a4fb5aee274142a374) Importer(815301076,1909f56bfc062723c751e8b465ee728b)  -> (artifact id: '421b6c7d92c5d5e67cf84ea6799f4740') in 0.014202 seconds 
========================================================================
Received Prepare
Registering precompiled user dll's ...
Registered in 0.006775 seconds.
Begin MonoManager ReloadAssembly
Native extension for WindowsStandalone target not found
Refreshing native plugins compatible for Editor in 2.01 ms, found 1 plugins.
Preloading 0 native plugins for Editor in 0.00 ms.
Mono: successfully reloaded assembly
- Completed reload, in  1.473 seconds
Platform modules already initialized, skipping
Switching build target platform(19) subTarget(0) extendedPlatform(0) -> platform(13) subTarget(537395200) extendedPlatform(0)
Refreshing native plugins compatible for Editor in 2.38 ms, found 1 plugins.
Preloading 0 native plugins for Editor in 0.00 ms.
Unloading 2770 Unused Serialized files (Serialized files now loaded: 0)
System memory in use before: 204.4 MB.
System memory in use after: 200.7 MB.

Unloading 24 unused Assets to reduce memory usage. Loaded Objects now: 3317.
Total: 7.260200 ms (FindLiveObjects: 0.954000 ms CreateObjectMapping: 0.289600 ms MarkObjects: 3.765300 ms  DeleteObjects: 2.247500 ms)

AssetImportParameters requested are different than current active one (requested -> active):
  custom:graphics/normal-map-encoding: 01000000000000000000000000000000 -> 02000000000000000000000000000000
========================================================================
Received Import Request.
  Time since last request: 102.151757 seconds.
  path: Assets/Scripts/SideSensor.cs
  artifactKey: Guid(c010f45936f1c3a4fb5aee274142a374) Importer(815301076,1909f56bfc062723c751e8b465ee728b)
Start importing Assets/Scripts/SideSensor.cs using Guid(c010f45936f1c3a4fb5aee274142a374) Importer(815301076,1909f56bfc062723c751e8b465ee728b)  -> (artifact id: 'd2191269fba9984e2bb2ca30fc082529') in 0.011470 seconds 
========================================================================
Received Prepare
Registering precompiled user dll's ...
Registered in 0.006657 seconds.
Begin MonoManager ReloadAssembly
Native extension for WindowsStandalone target not found
Refreshing native plugins compatible for Editor in 1.16 ms, found 1 plugins.
Preloading 0 native plugins for Editor in 0.00 ms.
Mono: successfully reloaded assembly
- Completed reload, in  1.769 seconds
Platform modules already initialized, skipping
Switching build target platform(19) subTarget(0) extendedPlatform(0) -> platform(13) subTarget(537395200) extendedPlatform(0)
Refreshing native plugins compatible for Editor in 1.66 ms, found 1 plugins.
Preloading 0 native plugins for Editor in 0.00 ms.
Unloading 2770 Unused Serialized files (Serialized files now loaded: 0)
System memory in use before: 204.4 MB.
System memory in use after: 200.7 MB.

Unloading 24 unused Assets to reduce memory usage. Loaded Objects now: 3320.
Total: 9.070000 ms (FindLiveObjects: 0.934700 ms CreateObjectMapping: 0.166300 ms MarkObjects: 5.005900 ms  DeleteObjects: 2.956200 ms)

AssetImportParameters requested are different than current active one (requested -> active):
  custom:graphics/normal-map-encoding: 01000000000000000000000000000000 -> 02000000000000000000000000000000
========================================================================
Received Prepare
Registering precompiled user dll's ...
Registered in 0.004191 seconds.
Begin MonoManager ReloadAssembly
Native extension for WindowsStandalone target not found
Refreshing native plugins compatible for Editor in 2.28 ms, found 1 plugins.
Preloading 0 native plugins for Editor in 0.00 ms.
Mono: successfully reloaded assembly
- Completed reload, in  1.613 seconds
Platform modules already initialized, skipping
Switching build target platform(19) subTarget(0) extendedPlatform(0) -> platform(13) subTarget(537395200) extendedPlatform(0)
Refreshing native plugins compatible for Editor in 1.22 ms, found 1 plugins.
Preloading 0 native plugins for Editor in 0.00 ms.
Unloading 2770 Unused Serialized files (Serialized files now loaded: 0)
System memory in use before: 204.5 MB.
System memory in use after: 200.8 MB.

Unloading 24 unused Assets to reduce memory usage. Loaded Objects now: 3323.
Total: 7.343900 ms (FindLiveObjects: 0.821700 ms CreateObjectMapping: 0.267300 ms MarkObjects: 4.149300 ms  DeleteObjects: 2.101400 ms)

AssetImportParameters requested are different than current active one (requested -> active):
  custom:graphics/normal-map-encoding: 01000000000000000000000000000000 -> 02000000000000000000000000000000
========================================================================
Received Prepare
Registering precompiled user dll's ...
Registered in 0.008134 seconds.
Begin MonoManager ReloadAssembly
Native extension for WindowsStandalone target not found
Refreshing native plugins compatible for Editor in 1.24 ms, found 1 plugins.
Preloading 0 native plugins for Editor in 0.00 ms.
Mono: successfully reloaded assembly
- Completed reload, in  1.536 seconds
Platform modules already initialized, skipping
Switching build target platform(19) subTarget(0) extendedPlatform(0) -> platform(13) subTarget(537395200) extendedPlatform(0)
Refreshing native plugins compatible for Editor in 1.92 ms, found 1 plugins.
Preloading 0 native plugins for Editor in 0.00 ms.
Unloading 2770 Unused Serialized files (Serialized files now loaded: 0)
System memory in use before: 204.5 MB.
System memory in use after: 200.8 MB.

Unloading 24 unused Assets to reduce memory usage. Loaded Objects now: 3326.
Total: 6.834400 ms (FindLiveObjects: 0.582700 ms CreateObjectMapping: 0.179900 ms MarkObjects: 3.842400 ms  DeleteObjects: 2.226100 ms)

AssetImportParameters requested are different than current active one (requested -> active):
  custom:graphics/normal-map-encoding: 01000000000000000000000000000000 -> 02000000000000000000000000000000
========================================================================
Received Prepare
Registering precompiled user dll's ...
Registered in 0.007548 seconds.
Begin MonoManager ReloadAssembly
Native extension for WindowsStandalone target not found
Refreshing native plugins compatible for Editor in 1.29 ms, found 1 plugins.
Preloading 0 native plugins for Editor in 0.00 ms.
Mono: successfully reloaded assembly
- Completed reload, in  1.533 seconds
Platform modules already initialized, skipping
Switching build target platform(19) subTarget(0) extendedPlatform(0) -> platform(13) subTarget(537395200) extendedPlatform(0)
Refreshing native plugins compatible for Editor in 1.13 ms, found 1 plugins.
Preloading 0 native plugins for Editor in 0.00 ms.
Unloading 2770 Unused Serialized files (Serialized files now loaded: 0)
System memory in use before: 204.5 MB.
System memory in use after: 200.8 MB.

Unloading 24 unused Assets to reduce memory usage. Loaded Objects now: 3329.
Total: 7.071100 ms (FindLiveObjects: 0.642000 ms CreateObjectMapping: 0.194600 ms MarkObjects: 4.053600 ms  DeleteObjects: 2.177800 ms)

AssetImportParameters requested are different than current active one (requested -> active):
  custom:graphics/normal-map-encoding: 01000000000000000000000000000000 -> 02000000000000000000000000000000
========================================================================
Received Prepare
Registering precompiled user dll's ...
Registered in 0.006279 seconds.
Begin MonoManager ReloadAssembly
Native extension for WindowsStandalone target not found
Refreshing native plugins compatible for Editor in 2.31 ms, found 1 plugins.
Preloading 0 native plugins for Editor in 0.00 ms.
Mono: successfully reloaded assembly
- Completed reload, in  1.647 seconds
Platform modules already initialized, skipping
Switching build target platform(19) subTarget(0) extendedPlatform(0) -> platform(13) subTarget(537395200) extendedPlatform(0)
Refreshing native plugins compatible for Editor in 2.65 ms, found 1 plugins.
Preloading 0 native plugins for Editor in 0.00 ms.
Unloading 2770 Unused Serialized files (Serialized files now loaded: 0)
System memory in use before: 204.5 MB.
System memory in use after: 200.8 MB.

Unloading 24 unused Assets to reduce memory usage. Loaded Objects now: 3332.
Total: 9.710500 ms (FindLiveObjects: 0.991800 ms CreateObjectMapping: 0.388600 ms MarkObjects: 5.495600 ms  DeleteObjects: 2.830700 ms)

AssetImportParameters requested are different than current active one (requested -> active):
  custom:graphics/normal-map-encoding: 01000000000000000000000000000000 -> 02000000000000000000000000000000
========================================================================
Received Import Request.
  Time since last request: 2132.247255 seconds.
  path: Assets/Scripts/Block.cs
  artifactKey: Guid(a47d9586d637b69468deddfb826595a0) Importer(815301076,1909f56bfc062723c751e8b465ee728b)
Start importing Assets/Scripts/Block.cs using Guid(a47d9586d637b69468deddfb826595a0) Importer(815301076,1909f56bfc062723c751e8b465ee728b)  -> (artifact id: '7242158c55c8e725bd928953bac6f4e2') in 0.022609 seconds 
========================================================================
Received Import Request.
  Time since last request: 10.299610 seconds.
  path: Assets/Scripts/Block.cs
  artifactKey: Guid(a47d9586d637b69468deddfb826595a0) Importer(815301076,1909f56bfc062723c751e8b465ee728b)
Start importing Assets/Scripts/Block.cs using Guid(a47d9586d637b69468deddfb826595a0) Importer(815301076,1909f56bfc062723c751e8b465ee728b)  -> (artifact id: '3ba5911a55d4bfa16992d5199576d595') in 0.006037 seconds 
========================================================================
Received Prepare
Registering precompiled user dll's ...
Registered in 0.004805 seconds.
Begin MonoManager ReloadAssembly
Native extension for WindowsStandalone target not found
Refreshing native plugins compatible for Editor in 1.12 ms, found 1 plugins.
Preloading 0 native plugins for Editor in 0.00 ms.
Mono: successfully reloaded assembly
- Completed reload, in  1.527 seconds
Platform modules already initialized, skipping
Switching build target platform(19) subTarget(0) extendedPlatform(0) -> platform(13) subTarget(537395200) extendedPlatform(0)
Refreshing native plugins compatible for Editor in 1.69 ms, found 1 plugins.
Preloading 0 native plugins for Editor in 0.00 ms.
Unloading 2771 Unused Serialized files (Serialized files now loaded: 0)
System memory in use before: 204.5 MB.
System memory in use after: 200.8 MB.

Unloading 24 unused Assets to reduce memory usage. Loaded Objects now: 3336.
Total: 9.940700 ms (FindLiveObjects: 1.166700 ms CreateObjectMapping: 0.512000 ms MarkObjects: 5.226500 ms  DeleteObjects: 3.028700 ms)

AssetImportParameters requested are different than current active one (requested -> active):
  custom:graphics/normal-map-encoding: 01000000000000000000000000000000 -> 02000000000000000000000000000000
========================================================================
Received Import Request.
  Time since last request: 51.347675 seconds.
  path: Assets/Prefabs/Four-Platform Raft.prefab
  artifactKey: Guid(9d8fe2b13da366c47963ce7f4ab17b05) Importer(815301076,1909f56bfc062723c751e8b465ee728b)
Start importing Assets/Prefabs/Four-Platform Raft.prefab using Guid(9d8fe2b13da366c47963ce7f4ab17b05) Importer(815301076,1909f56bfc062723c751e8b465ee728b)  -> (artifact id: 'bbedd7242360f663d2d6ba1306df005d') in 0.233785 seconds 
========================================================================
Received Import Request.
  Time since last request: 0.000336 seconds.
  path: Assets/Prefabs/Single-Platform Raft.prefab
  artifactKey: Guid(ed6ef478701564b47b7754d4be267d5b) Importer(815301076,1909f56bfc062723c751e8b465ee728b)
Start importing Assets/Prefabs/Single-Platform Raft.prefab using Guid(ed6ef478701564b47b7754d4be267d5b) Importer(815301076,1909f56bfc062723c751e8b465ee728b)  -> (artifact id: 'acf5310cd15f960e2aa2a2f1156fdbd3') in 0.052423 seconds 
========================================================================
Received Import Request.
  Time since last request: 0.000329 seconds.
  path: Assets/Prefabs/Three-Platform Raft.prefab
  artifactKey: Guid(08a03087e5d5fd6438bbe4b0512f3b24) Importer(815301076,1909f56bfc062723c751e8b465ee728b)
Start importing Assets/Prefabs/Three-Platform Raft.prefab using Guid(08a03087e5d5fd6438bbe4b0512f3b24) Importer(815301076,1909f56bfc062723c751e8b465ee728b)  -> (artifact id: '852a94cf1a5781f94393c18b40972c38') in 0.057858 seconds 
========================================================================
Received Import Request.
  Time since last request: 0.000522 seconds.
  path: Assets/Prefabs/Two_Platform Raft 1.prefab
  artifactKey: Guid(0f4c413fcd17e93429ea77c14cb68eed) Importer(815301076,1909f56bfc062723c751e8b465ee728b)
Start importing Assets/Prefabs/Two_Platform Raft 1.prefab using Guid(0f4c413fcd17e93429ea77c14cb68eed) Importer(815301076,1909f56bfc062723c751e8b465ee728b)  -> (artifact id: '26cc856f15ac30394f06371982a08f24') in 0.047237 seconds 
========================================================================
Received Import Request.
  Time since last request: 0.000477 seconds.
  path: Assets/Prefabs/Platform.prefab
  artifactKey: Guid(a408d0708960325438437ab650eafe1a) Importer(815301076,1909f56bfc062723c751e8b465ee728b)
Start importing Assets/Prefabs/Platform.prefab using Guid(a408d0708960325438437ab650eafe1a) Importer(815301076,1909f56bfc062723c751e8b465ee728b)  -> (artifact id: '738d6fb57a1deffb7924cdda3fb82900') in 0.039691 seconds 
========================================================================
Received Import Request.
  Time since last request: 10.643725 seconds.
  path: Assets/Prefabs/Block_corner.prefab
  artifactKey: Guid(4c4919ce6333a4f4b99afd41eb691c21) Importer(815301076,1909f56bfc062723c751e8b465ee728b)
Start importing Assets/Prefabs/Block_corner.prefab using Guid(4c4919ce6333a4f4b99afd41eb691c21) Importer(815301076,1909f56bfc062723c751e8b465ee728b)  -> (artifact id: '77eee50cf7197796ae7993a9c8957965') in 0.026279 seconds 
========================================================================
Received Import Request.
  Time since last request: 3.880301 seconds.
  path: Assets/Prefabs/Block_side.prefab
  artifactKey: Guid(66c81a3abda40e14baef7ec6c885361c) Importer(815301076,1909f56bfc062723c751e8b465ee728b)
Start importing Assets/Prefabs/Block_side.prefab using Guid(66c81a3abda40e14baef7ec6c885361c) Importer(815301076,1909f56bfc062723c751e8b465ee728b)  -> (artifact id: '99cd511b88f96aa453d6807f91ee9f1c') in 0.025110 seconds 
========================================================================
Received Import Request.
  Time since last request: 3.800759 seconds.
  path: Assets/Prefabs/Block_mid.prefab
  artifactKey: Guid(80f7ef19f0c58314585ddeaccfe72cd0) Importer(815301076,1909f56bfc062723c751e8b465ee728b)
Start importing Assets/Prefabs/Block_mid.prefab using Guid(80f7ef19f0c58314585ddeaccfe72cd0) Importer(815301076,1909f56bfc062723c751e8b465ee728b)  -> (artifact id: '36133fb9b2412f5e47d0d7c5d18a7ad5') in 0.023615 seconds 
========================================================================
Received Import Request.
  Time since last request: 1336.715166 seconds.
  path: Assets/Rafts_V2/Materials/Water.mat
  artifactKey: Guid(47596a96e0566484a9e16897e5b3a6c9) Importer(815301076,1909f56bfc062723c751e8b465ee728b)
Start importing Assets/Rafts_V2/Materials/Water.mat using Guid(47596a96e0566484a9e16897e5b3a6c9) Importer(815301076,1909f56bfc062723c751e8b465ee728b)  -> (artifact id: 'be4c58bc3d5a566b2a46520aba9d96b2') in 0.097376 seconds 
========================================================================
Received Prepare
Registering precompiled user dll's ...
Registered in 0.006409 seconds.
Begin MonoManager ReloadAssembly
Native extension for WindowsStandalone target not found
Refreshing native plugins compatible for Editor in 2.48 ms, found 1 plugins.
Preloading 0 native plugins for Editor in 0.00 ms.
Mono: successfully reloaded assembly
- Completed reload, in  1.580 seconds
Platform modules already initialized, skipping
Switching build target platform(19) subTarget(0) extendedPlatform(0) -> platform(13) subTarget(537395200) extendedPlatform(0)
Refreshing native plugins compatible for Editor in 1.61 ms, found 1 plugins.
Preloading 0 native plugins for Editor in 0.00 ms.
Unloading 2771 Unused Serialized files (Serialized files now loaded: 0)
System memory in use before: 222.9 MB.
System memory in use after: 219.2 MB.

Unloading 25 unused Assets to reduce memory usage. Loaded Objects now: 3382.
Total: 10.206800 ms (FindLiveObjects: 0.947200 ms CreateObjectMapping: 0.407200 ms MarkObjects: 6.039000 ms  DeleteObjects: 2.808400 ms)

AssetImportParameters requested are different than current active one (requested -> active):
  custom:graphics/normal-map-encoding: 01000000000000000000000000000000 -> 02000000000000000000000000000000
========================================================================
Received Import Request.
  Time since last request: 111.353541 seconds.
  path: Assets/Prefabs/Four-Platform Raft.prefab
  artifactKey: Guid(9d8fe2b13da366c47963ce7f4ab17b05) Importer(815301076,1909f56bfc062723c751e8b465ee728b)
Start importing Assets/Prefabs/Four-Platform Raft.prefab using Guid(9d8fe2b13da366c47963ce7f4ab17b05) Importer(815301076,1909f56bfc062723c751e8b465ee728b)  -> (artifact id: 'c9aaf087fbc90d30f01da64cb97cf909') in 0.150558 seconds 
========================================================================
Received Import Request.
  Time since last request: 0.000384 seconds.
  path: Assets/Prefabs/Single-Platform Raft.prefab
  artifactKey: Guid(ed6ef478701564b47b7754d4be267d5b) Importer(815301076,1909f56bfc062723c751e8b465ee728b)
Start importing Assets/Prefabs/Single-Platform Raft.prefab using Guid(ed6ef478701564b47b7754d4be267d5b) Importer(815301076,1909f56bfc062723c751e8b465ee728b)  -> (artifact id: '9c15eefefc335ea1a2319bca240ba038') in 0.044051 seconds 
========================================================================
Received Import Request.
  Time since last request: 0.000501 seconds.
  path: Assets/Prefabs/Three-Platform Raft.prefab
  artifactKey: Guid(08a03087e5d5fd6438bbe4b0512f3b24) Importer(815301076,1909f56bfc062723c751e8b465ee728b)
Start importing Assets/Prefabs/Three-Platform Raft.prefab using Guid(08a03087e5d5fd6438bbe4b0512f3b24) Importer(815301076,1909f56bfc062723c751e8b465ee728b)  -> (artifact id: '8beec9c0e9640d1bd636e62449de41be') in 0.062117 seconds 
========================================================================
Received Import Request.
  Time since last request: 0.000514 seconds.
  path: Assets/Prefabs/Two_Platform Raft 1.prefab
  artifactKey: Guid(0f4c413fcd17e93429ea77c14cb68eed) Importer(815301076,1909f56bfc062723c751e8b465ee728b)
Start importing Assets/Prefabs/Two_Platform Raft 1.prefab using Guid(0f4c413fcd17e93429ea77c14cb68eed) Importer(815301076,1909f56bfc062723c751e8b465ee728b)  -> (artifact id: 'b33f39cc6a81600e75b83f6878b2760e') in 0.049209 seconds 
========================================================================
Received Import Request.
  Time since last request: 0.001079 seconds.
  path: Assets/Prefabs/Platform.prefab
  artifactKey: Guid(a408d0708960325438437ab650eafe1a) Importer(815301076,1909f56bfc062723c751e8b465ee728b)
Start importing Assets/Prefabs/Platform.prefab using Guid(a408d0708960325438437ab650eafe1a) Importer(815301076,1909f56bfc062723c751e8b465ee728b)  -> (artifact id: '667ac1fc7bf2a8ba012f4aef5a1a9a78') in 0.041624 seconds 
========================================================================
Received Import Request.
  Time since last request: 79.439415 seconds.
  path: Assets/Scripts/RaftConnector.cs
  artifactKey: Guid(6519a2981102c434ba11a1834333fd8a) Importer(815301076,1909f56bfc062723c751e8b465ee728b)
Start importing Assets/Scripts/RaftConnector.cs using Guid(6519a2981102c434ba11a1834333fd8a) Importer(815301076,1909f56bfc062723c751e8b465ee728b)  -> (artifact id: '0c03d182571718ee21200a48e24aa26d') in 0.013160 seconds 
========================================================================
Received Import Request.
  Time since last request: 2.276570 seconds.
  path: Assets/Scripts/RaftConfigurator.cs
  artifactKey: Guid(b5fe4db3e2c550a47babe899eb5fac08) Importer(815301076,1909f56bfc062723c751e8b465ee728b)
Start importing Assets/Scripts/RaftConfigurator.cs using Guid(b5fe4db3e2c550a47babe899eb5fac08) Importer(815301076,1909f56bfc062723c751e8b465ee728b)  -> (artifact id: 'cf3053c74d2cfb184429c30d87f8e2a8') in 0.012627 seconds 
========================================================================
Received Prepare
Registering precompiled user dll's ...
Registered in 0.008370 seconds.
Begin MonoManager ReloadAssembly
Native extension for WindowsStandalone target not found
Refreshing native plugins compatible for Editor in 1.54 ms, found 1 plugins.
Preloading 0 native plugins for Editor in 0.00 ms.
Mono: successfully reloaded assembly
- Completed reload, in  1.628 seconds
Platform modules already initialized, skipping
Switching build target platform(19) subTarget(0) extendedPlatform(0) -> platform(13) subTarget(537395200) extendedPlatform(0)
Refreshing native plugins compatible for Editor in 1.11 ms, found 1 plugins.
Preloading 0 native plugins for Editor in 0.00 ms.
Unloading 2770 Unused Serialized files (Serialized files now loaded: 0)
System memory in use before: 223.0 MB.
System memory in use after: 219.3 MB.

Unloading 26 unused Assets to reduce memory usage. Loaded Objects now: 3385.
Total: 6.748900 ms (FindLiveObjects: 0.740000 ms CreateObjectMapping: 0.168300 ms MarkObjects: 3.404400 ms  DeleteObjects: 2.433400 ms)

AssetImportParameters requested are different than current active one (requested -> active):
  custom:graphics/normal-map-encoding: 01000000000000000000000000000000 -> 02000000000000000000000000000000
========================================================================
Received Prepare
Registering precompiled user dll's ...
Registered in 0.004407 seconds.
Begin MonoManager ReloadAssembly
Native extension for WindowsStandalone target not found
Refreshing native plugins compatible for Editor in 1.83 ms, found 1 plugins.
Preloading 0 native plugins for Editor in 0.00 ms.
Mono: successfully reloaded assembly
- Completed reload, in  1.558 seconds
Platform modules already initialized, skipping
Switching build target platform(19) subTarget(0) extendedPlatform(0) -> platform(13) subTarget(537395200) extendedPlatform(0)
Refreshing native plugins compatible for Editor in 1.75 ms, found 1 plugins.
Preloading 0 native plugins for Editor in 0.00 ms.
Unloading 2770 Unused Serialized files (Serialized files now loaded: 0)
System memory in use before: 223.0 MB.
System memory in use after: 219.3 MB.

Unloading 24 unused Assets to reduce memory usage. Loaded Objects now: 3388.
Total: 8.602300 ms (FindLiveObjects: 1.016400 ms CreateObjectMapping: 0.287600 ms MarkObjects: 4.142100 ms  DeleteObjects: 3.153100 ms)

AssetImportParameters requested are different than current active one (requested -> active):
  custom:graphics/normal-map-encoding: 01000000000000000000000000000000 -> 02000000000000000000000000000000
========================================================================
Received Import Request.
  Time since last request: 13.402723 seconds.
  path: Assets/Scripts/SideSensor.cs
  artifactKey: Guid(c010f45936f1c3a4fb5aee274142a374) Importer(815301076,1909f56bfc062723c751e8b465ee728b)
Start importing Assets/Scripts/SideSensor.cs using Guid(c010f45936f1c3a4fb5aee274142a374) Importer(815301076,1909f56bfc062723c751e8b465ee728b)  -> (artifact id: 'f8dcf7830b2643ede7c89a08142d2cf6') in 0.018763 seconds 
========================================================================
Received Prepare
Registering precompiled user dll's ...
Registered in 0.006503 seconds.
Begin MonoManager ReloadAssembly
Native extension for WindowsStandalone target not found
Refreshing native plugins compatible for Editor in 2.24 ms, found 1 plugins.
Preloading 0 native plugins for Editor in 0.00 ms.
Mono: successfully reloaded assembly
- Completed reload, in  1.591 seconds
Platform modules already initialized, skipping
Switching build target platform(19) subTarget(0) extendedPlatform(0) -> platform(13) subTarget(537395200) extendedPlatform(0)
Refreshing native plugins compatible for Editor in 1.94 ms, found 1 plugins.
Preloading 0 native plugins for Editor in 0.00 ms.
Unloading 2769 Unused Serialized files (Serialized files now loaded: 0)
System memory in use before: 222.9 MB.
System memory in use after: 219.3 MB.

Unloading 25 unused Assets to reduce memory usage. Loaded Objects now: 3390.
Total: 7.611000 ms (FindLiveObjects: 0.958700 ms CreateObjectMapping: 0.425000 ms MarkObjects: 3.832000 ms  DeleteObjects: 2.392300 ms)

AssetImportParameters requested are different than current active one (requested -> active):
  custom:graphics/normal-map-encoding: 01000000000000000000000000000000 -> 02000000000000000000000000000000
========================================================================
Received Prepare
Registering precompiled user dll's ...
Registered in 0.006881 seconds.
Begin MonoManager ReloadAssembly
Native extension for WindowsStandalone target not found
Refreshing native plugins compatible for Editor in 1.35 ms, found 1 plugins.
Preloading 0 native plugins for Editor in 0.00 ms.
Mono: successfully reloaded assembly
- Completed reload, in  1.530 seconds
Platform modules already initialized, skipping
Switching build target platform(19) subTarget(0) extendedPlatform(0) -> platform(13) subTarget(537395200) extendedPlatform(0)
Refreshing native plugins compatible for Editor in 1.27 ms, found 1 plugins.
Preloading 0 native plugins for Editor in 0.00 ms.
Unloading 2769 Unused Serialized files (Serialized files now loaded: 0)
System memory in use before: 222.9 MB.
System memory in use after: 219.3 MB.

Unloading 24 unused Assets to reduce memory usage. Loaded Objects now: 3393.
Total: 8.179100 ms (FindLiveObjects: 0.576800 ms CreateObjectMapping: 0.142600 ms MarkObjects: 4.427000 ms  DeleteObjects: 3.028900 ms)

AssetImportParameters requested are different than current active one (requested -> active):
  custom:graphics/normal-map-encoding: 01000000000000000000000000000000 -> 02000000000000000000000000000000
========================================================================
Received Import Request.
  Time since last request: 92.185520 seconds.
  path: Assets/JMO Assets/Toony Colors Pro/Demo TCP2/SG2 Demo Assets/_Misc/TCP2_Demo_Grass.fbx
  artifactKey: Guid(8db21729dac17a245b554ddd35e17dda) Importer(815301076,1909f56bfc062723c751e8b465ee728b)
Start importing Assets/JMO Assets/Toony Colors Pro/Demo TCP2/SG2 Demo Assets/_Misc/TCP2_Demo_Grass.fbx using Guid(8db21729dac17a245b554ddd35e17dda) Importer(815301076,1909f56bfc062723c751e8b465ee728b)  -> (artifact id: 'cfd175488301a51fd41530cf37da6e6b') in 0.261393 seconds 
========================================================================
Received Import Request.
  Time since last request: 0.000392 seconds.
  path: Assets/JMO Assets/Toony Colors Pro/Demo TCP2/SG2 Demo Assets/_Misc/TCP2_Demo_Torus Knot Vertex Colors.asset
  artifactKey: Guid(36a44822684149d47a180b69420b1f09) Importer(815301076,1909f56bfc062723c751e8b465ee728b)
Start importing Assets/JMO Assets/Toony Colors Pro/Demo TCP2/SG2 Demo Assets/_Misc/TCP2_Demo_Torus Knot Vertex Colors.asset using Guid(36a44822684149d47a180b69420b1f09) Importer(815301076,1909f56bfc062723c751e8b465ee728b)  -> (artifact id: '642a3374ca59cd345dc1755b65a25d65') in 0.058768 seconds 
========================================================================
Received Import Request.
  Time since last request: 0.686056 seconds.
  path: Assets/JMO Assets/Toony Colors Pro/Smoothed Meshes/TCP2_Demo Robot Kyle - VColors [TCP2 Smoothed].asset
  artifactKey: Guid(2272a0d624859c947b8d78b4cd943103) Importer(815301076,1909f56bfc062723c751e8b465ee728b)
Start importing Assets/JMO Assets/Toony Colors Pro/Smoothed Meshes/TCP2_Demo Robot Kyle - VColors [TCP2 Smoothed].asset using Guid(2272a0d624859c947b8d78b4cd943103) Importer(815301076,1909f56bfc062723c751e8b465ee728b)  -> (artifact id: '9c7731cbb504b82ebebd99d746b469c6') in 0.114236 seconds 
========================================================================
Received Import Request.
  Time since last request: 26.355266 seconds.
  path: Assets/Prefabs/Four-Platform Raft.prefab
  artifactKey: Guid(9d8fe2b13da366c47963ce7f4ab17b05) Importer(815301076,1909f56bfc062723c751e8b465ee728b)
Start importing Assets/Prefabs/Four-Platform Raft.prefab using Guid(9d8fe2b13da366c47963ce7f4ab17b05) Importer(815301076,1909f56bfc062723c751e8b465ee728b)  -> (artifact id: '99edd21cb4592fa4f15178fa90f61de6') in 0.066150 seconds 
========================================================================
Received Import Request.
  Time since last request: 0.000498 seconds.
  path: Assets/Prefabs/Single-Platform Raft.prefab
  artifactKey: Guid(ed6ef478701564b47b7754d4be267d5b) Importer(815301076,1909f56bfc062723c751e8b465ee728b)
Start importing Assets/Prefabs/Single-Platform Raft.prefab using Guid(ed6ef478701564b47b7754d4be267d5b) Importer(815301076,1909f56bfc062723c751e8b465ee728b)  -> (artifact id: 'a2875631dc8dbbb55e43cd656a34a7cc') in 0.031858 seconds 
========================================================================
Received Import Request.
  Time since last request: 0.000520 seconds.
  path: Assets/Prefabs/Three-Platform Raft.prefab
  artifactKey: Guid(08a03087e5d5fd6438bbe4b0512f3b24) Importer(815301076,1909f56bfc062723c751e8b465ee728b)
Start importing Assets/Prefabs/Three-Platform Raft.prefab using Guid(08a03087e5d5fd6438bbe4b0512f3b24) Importer(815301076,1909f56bfc062723c751e8b465ee728b)  -> (artifact id: '3b27709e9a7c91285b0427c3d839df76') in 0.050285 seconds 
========================================================================
Received Import Request.
  Time since last request: 0.000349 seconds.
  path: Assets/Prefabs/Two_Platform Raft 1.prefab
  artifactKey: Guid(0f4c413fcd17e93429ea77c14cb68eed) Importer(815301076,1909f56bfc062723c751e8b465ee728b)
Start importing Assets/Prefabs/Two_Platform Raft 1.prefab using Guid(0f4c413fcd17e93429ea77c14cb68eed) Importer(815301076,1909f56bfc062723c751e8b465ee728b)  -> (artifact id: '2b12b75c7d0ea2e60ac6749bbb90bade') in 0.043715 seconds 
========================================================================
Received Import Request.
  Time since last request: 0.000531 seconds.
  path: Assets/Prefabs/Platform.prefab
  artifactKey: Guid(a408d0708960325438437ab650eafe1a) Importer(815301076,1909f56bfc062723c751e8b465ee728b)
Start importing Assets/Prefabs/Platform.prefab using Guid(a408d0708960325438437ab650eafe1a) Importer(815301076,1909f56bfc062723c751e8b465ee728b)  -> (artifact id: '4525c6683c4eb83acbdc732bf819b08b') in 0.035984 seconds 
========================================================================
Received Import Request.
  Time since last request: 21.657047 seconds.
  path: Assets/Prefabs/Four-Platform Raft.prefab
  artifactKey: Guid(9d8fe2b13da366c47963ce7f4ab17b05) Importer(815301076,1909f56bfc062723c751e8b465ee728b)
Start importing Assets/Prefabs/Four-Platform Raft.prefab using Guid(9d8fe2b13da366c47963ce7f4ab17b05) Importer(815301076,1909f56bfc062723c751e8b465ee728b)  -> (artifact id: 'bb2d649274ca6999252cca437bbce107') in 0.061465 seconds 
========================================================================
Received Import Request.
  Time since last request: 0.000385 seconds.
  path: Assets/Prefabs/Single-Platform Raft.prefab
  artifactKey: Guid(ed6ef478701564b47b7754d4be267d5b) Importer(815301076,1909f56bfc062723c751e8b465ee728b)
Start importing Assets/Prefabs/Single-Platform Raft.prefab using Guid(ed6ef478701564b47b7754d4be267d5b) Importer(815301076,1909f56bfc062723c751e8b465ee728b)  -> (artifact id: '4c23236be215a6c9c1172d2fcfa8eb0c') in 0.044003 seconds 
========================================================================
Received Import Request.
  Time since last request: 0.000443 seconds.
  path: Assets/Prefabs/Three-Platform Raft.prefab
  artifactKey: Guid(08a03087e5d5fd6438bbe4b0512f3b24) Importer(815301076,1909f56bfc062723c751e8b465ee728b)
Start importing Assets/Prefabs/Three-Platform Raft.prefab using Guid(08a03087e5d5fd6438bbe4b0512f3b24) Importer(815301076,1909f56bfc062723c751e8b465ee728b)  -> (artifact id: '9855c46946dc5ec588d7542aa03a4512') in 0.050263 seconds 
========================================================================
Received Import Request.
  Time since last request: 0.000523 seconds.
  path: Assets/Prefabs/Two_Platform Raft 1.prefab
  artifactKey: Guid(0f4c413fcd17e93429ea77c14cb68eed) Importer(815301076,1909f56bfc062723c751e8b465ee728b)
Start importing Assets/Prefabs/Two_Platform Raft 1.prefab using Guid(0f4c413fcd17e93429ea77c14cb68eed) Importer(815301076,1909f56bfc062723c751e8b465ee728b)  -> (artifact id: '00f26f4e41940188548adb514f0d5f33') in 0.052386 seconds 
========================================================================
Received Import Request.
  Time since last request: 0.000413 seconds.
  path: Assets/Prefabs/Platform.prefab
  artifactKey: Guid(a408d0708960325438437ab650eafe1a) Importer(815301076,1909f56bfc062723c751e8b465ee728b)
Start importing Assets/Prefabs/Platform.prefab using Guid(a408d0708960325438437ab650eafe1a) Importer(815301076,1909f56bfc062723c751e8b465ee728b)  -> (artifact id: 'f00b16c8c74fa9ae2ea249da81a5d773') in 0.039992 seconds 
========================================================================
Received Import Request.
  Time since last request: 7.937815 seconds.
  path: Assets/Prefabs/Blocks.prefab
  artifactKey: Guid(1b5f148ea10939249bf4f94920e7ed1d) Importer(815301076,1909f56bfc062723c751e8b465ee728b)
Start importing Assets/Prefabs/Blocks.prefab using Guid(1b5f148ea10939249bf4f94920e7ed1d) Importer(815301076,1909f56bfc062723c751e8b465ee728b)  -> (artifact id: 'f0e9e4c766fb283129d4b6560a17dbcb') in 0.027112 seconds 
========================================================================
Received Import Request.
  Time since last request: 31.216785 seconds.
  path: Assets/JMO Assets/Toony Colors Pro/Smoothed Meshes/Robot Kyle - Robot2_6854 [TCP2 Smoothed].asset
  artifactKey: Guid(15d75dd13be278e47af479b54ea9dc54) Importer(815301076,1909f56bfc062723c751e8b465ee728b)
Start importing Assets/JMO Assets/Toony Colors Pro/Smoothed Meshes/Robot Kyle - Robot2_6854 [TCP2 Smoothed].asset using Guid(15d75dd13be278e47af479b54ea9dc54) Importer(815301076,1909f56bfc062723c751e8b465ee728b)  -> (artifact id: '51735733c08b3aeadb15d4e150649935') in 0.143982 seconds 
========================================================================
Received Import Request.
  Time since last request: 0.000635 seconds.
  path: Assets/JMO Assets/Toony Colors Pro/Demo TCP2/TCP2 Demo Assets/Robot Kyle/Model/TCP2_Demo Robot Kyle.fbx
  artifactKey: Guid(320b1c2af77554f99a1658df4a6d3d5c) Importer(815301076,1909f56bfc062723c751e8b465ee728b)
Start importing Assets/JMO Assets/Toony Colors Pro/Demo TCP2/TCP2 Demo Assets/Robot Kyle/Model/TCP2_Demo Robot Kyle.fbx using Guid(320b1c2af77554f99a1658df4a6d3d5c) Importer(815301076,1909f56bfc062723c751e8b465ee728b)  -> (artifact id: 'f90d4da5a22c7f3c40168b4cd35646a9') in 0.094017 seconds 
========================================================================
Received Import Request.
  Time since last request: 9.265693 seconds.
  path: Assets/Prefabs/Four-Platform Raft.prefab
  artifactKey: Guid(9d8fe2b13da366c47963ce7f4ab17b05) Importer(815301076,1909f56bfc062723c751e8b465ee728b)
Start importing Assets/Prefabs/Four-Platform Raft.prefab using Guid(9d8fe2b13da366c47963ce7f4ab17b05) Importer(815301076,1909f56bfc062723c751e8b465ee728b)  -> (artifact id: '2966e7314745fc9e4302916aa3dbe99a') in 0.056457 seconds 
========================================================================
Received Import Request.
  Time since last request: 0.000425 seconds.
  path: Assets/Prefabs/Single-Platform Raft.prefab
  artifactKey: Guid(ed6ef478701564b47b7754d4be267d5b) Importer(815301076,1909f56bfc062723c751e8b465ee728b)
Start importing Assets/Prefabs/Single-Platform Raft.prefab using Guid(ed6ef478701564b47b7754d4be267d5b) Importer(815301076,1909f56bfc062723c751e8b465ee728b)  -> (artifact id: '85a13ebdf2a475cec2e78edec3ecdfe4') in 0.036886 seconds 
========================================================================
Received Import Request.
  Time since last request: 0.000382 seconds.
  path: Assets/Prefabs/Three-Platform Raft.prefab
  artifactKey: Guid(08a03087e5d5fd6438bbe4b0512f3b24) Importer(815301076,1909f56bfc062723c751e8b465ee728b)
Start importing Assets/Prefabs/Three-Platform Raft.prefab using Guid(08a03087e5d5fd6438bbe4b0512f3b24) Importer(815301076,1909f56bfc062723c751e8b465ee728b)  -> (artifact id: 'e0ff436607277a8ab6d798ba73a9f3b4') in 0.047594 seconds 
========================================================================
Received Import Request.
  Time since last request: 0.000442 seconds.
  path: Assets/Prefabs/Two_Platform Raft 1.prefab
  artifactKey: Guid(0f4c413fcd17e93429ea77c14cb68eed) Importer(815301076,1909f56bfc062723c751e8b465ee728b)
Start importing Assets/Prefabs/Two_Platform Raft 1.prefab using Guid(0f4c413fcd17e93429ea77c14cb68eed) Importer(815301076,1909f56bfc062723c751e8b465ee728b)  -> (artifact id: '557d94a83d7168f0f14e4ee6a0aaa7db') in 0.042613 seconds 
========================================================================
Received Import Request.
  Time since last request: 0.000545 seconds.
  path: Assets/Prefabs/Platform.prefab
  artifactKey: Guid(a408d0708960325438437ab650eafe1a) Importer(815301076,1909f56bfc062723c751e8b465ee728b)
Start importing Assets/Prefabs/Platform.prefab using Guid(a408d0708960325438437ab650eafe1a) Importer(815301076,1909f56bfc062723c751e8b465ee728b)  -> (artifact id: '413eec8b0ef8d7cbac7a0b6dd86f8f96') in 0.034145 seconds 
========================================================================
Received Import Request.
  Time since last request: 7.984094 seconds.
  path: Assets/Prefabs/Player.prefab
  artifactKey: Guid(f347af55613a261449b2d33915382453) Importer(815301076,1909f56bfc062723c751e8b465ee728b)
Start importing Assets/Prefabs/Player.prefab using Guid(f347af55613a261449b2d33915382453) Importer(815301076,1909f56bfc062723c751e8b465ee728b)  -> (artifact id: 'c661bd268848e0c34b2df1926b96b06b') in 0.049478 seconds 
========================================================================
Received Import Request.
  Time since last request: 16.939538 seconds.
  path: Assets/Prefabs/Player.prefab
  artifactKey: Guid(f347af55613a261449b2d33915382453) Importer(815301076,1909f56bfc062723c751e8b465ee728b)
Start importing Assets/Prefabs/Player.prefab using Guid(f347af55613a261449b2d33915382453) Importer(815301076,1909f56bfc062723c751e8b465ee728b)  -> (artifact id: '9be479b8e7a5b3a1e9043d7b4c108197') in 0.044859 seconds 
========================================================================
Received Import Request.
  Time since last request: 0.587778 seconds.
  path: Assets/Prefabs/Player.prefab
  artifactKey: Guid(f347af55613a261449b2d33915382453) Importer(815301076,1909f56bfc062723c751e8b465ee728b)
Start importing Assets/Prefabs/Player.prefab using Guid(f347af55613a261449b2d33915382453) Importer(815301076,1909f56bfc062723c751e8b465ee728b)  -> (artifact id: 'ec95ea2afa5a37e20e7c05bcc898a006') in 0.044524 seconds 
========================================================================
Received Import Request.
  Time since last request: 2.131113 seconds.
  path: Assets/Prefabs/Player.prefab
  artifactKey: Guid(f347af55613a261449b2d33915382453) Importer(815301076,1909f56bfc062723c751e8b465ee728b)
Start importing Assets/Prefabs/Player.prefab using Guid(f347af55613a261449b2d33915382453) Importer(815301076,1909f56bfc062723c751e8b465ee728b)  -> (artifact id: '9bc15f8a596da429b3c5410eb77fd3f9') in 0.044503 seconds 
========================================================================
Received Import Request.
  Time since last request: 5.855477 seconds.
  path: Assets/Prefabs/Player.prefab
  artifactKey: Guid(f347af55613a261449b2d33915382453) Importer(815301076,1909f56bfc062723c751e8b465ee728b)
Start importing Assets/Prefabs/Player.prefab using Guid(f347af55613a261449b2d33915382453) Importer(815301076,1909f56bfc062723c751e8b465ee728b)  -> (artifact id: '0f466c9270807f056a0d87890f8c3e1c') in 0.047883 seconds 
========================================================================
Received Import Request.
  Time since last request: 1.379148 seconds.
  path: Assets/Prefabs/Player.prefab
  artifactKey: Guid(f347af55613a261449b2d33915382453) Importer(815301076,1909f56bfc062723c751e8b465ee728b)
Start importing Assets/Prefabs/Player.prefab using Guid(f347af55613a261449b2d33915382453) Importer(815301076,1909f56bfc062723c751e8b465ee728b)  -> (artifact id: 'fdfe31caa2cea7cf6f965bcaec4da588') in 0.043611 seconds 
========================================================================
Received Import Request.
  Time since last request: 3.457460 seconds.
  path: Assets/Prefabs/Player.prefab
  artifactKey: Guid(f347af55613a261449b2d33915382453) Importer(815301076,1909f56bfc062723c751e8b465ee728b)
Start importing Assets/Prefabs/Player.prefab using Guid(f347af55613a261449b2d33915382453) Importer(815301076,1909f56bfc062723c751e8b465ee728b)  -> (artifact id: 'fe7f3222ba301fa3b2ce29394199f273') in 0.041724 seconds 
========================================================================
Received Import Request.
  Time since last request: 7.931491 seconds.
  path: Assets/Materials/RedRaft.mat
  artifactKey: Guid(376d1fd2ebb69c94caf335f9eb753b9c) Importer(815301076,1909f56bfc062723c751e8b465ee728b)
Start importing Assets/Materials/RedRaft.mat using Guid(376d1fd2ebb69c94caf335f9eb753b9c) Importer(815301076,1909f56bfc062723c751e8b465ee728b)  -> (artifact id: '4de342122c6575edeb11fb771965fd68') in 0.047330 seconds 
========================================================================
Received Import Request.
  Time since last request: 4.000070 seconds.
  path: Assets/Prefabs/Player.prefab
  artifactKey: Guid(f347af55613a261449b2d33915382453) Importer(815301076,1909f56bfc062723c751e8b465ee728b)
Start importing Assets/Prefabs/Player.prefab using Guid(f347af55613a261449b2d33915382453) Importer(815301076,1909f56bfc062723c751e8b465ee728b)  -> (artifact id: 'bf669b125d41aa23f0a24bdc11f2a8d0') in 0.046438 seconds 
========================================================================
Received Prepare
Registering precompiled user dll's ...
Registered in 0.006703 seconds.
Begin MonoManager ReloadAssembly
Native extension for WindowsStandalone target not found
Refreshing native plugins compatible for Editor in 1.29 ms, found 1 plugins.
Preloading 0 native plugins for Editor in 0.00 ms.
Mono: successfully reloaded assembly
- Completed reload, in  1.612 seconds
Platform modules already initialized, skipping
Switching build target platform(19) subTarget(0) extendedPlatform(0) -> platform(13) subTarget(537395200) extendedPlatform(0)
Refreshing native plugins compatible for Editor in 1.61 ms, found 1 plugins.
Preloading 0 native plugins for Editor in 0.00 ms.
Unloading 2769 Unused Serialized files (Serialized files now loaded: 0)
System memory in use before: 223.4 MB.
System memory in use after: 219.7 MB.

Unloading 25 unused Assets to reduce memory usage. Loaded Objects now: 3400.
Total: 8.889700 ms (FindLiveObjects: 1.130800 ms CreateObjectMapping: 0.417700 ms MarkObjects: 3.978300 ms  DeleteObjects: 3.358000 ms)

AssetImportParameters requested are different than current active one (requested -> active):
  custom:graphics/normal-map-encoding: 01000000000000000000000000000000 -> 02000000000000000000000000000000
========================================================================
Received Import Request.
  Time since last request: 37.089867 seconds.
  path: Assets/Prefabs/Player.prefab
  artifactKey: Guid(f347af55613a261449b2d33915382453) Importer(815301076,1909f56bfc062723c751e8b465ee728b)
Start importing Assets/Prefabs/Player.prefab using Guid(f347af55613a261449b2d33915382453) Importer(815301076,1909f56bfc062723c751e8b465ee728b)  -> (artifact id: '7f4b492d25583e5efc660c76282a0895') in 0.124634 seconds 
========================================================================
Received Prepare
Registering precompiled user dll's ...
Registered in 0.005887 seconds.
Begin MonoManager ReloadAssembly
Native extension for WindowsStandalone target not found
Refreshing native plugins compatible for Editor in 1.48 ms, found 1 plugins.
Preloading 0 native plugins for Editor in 0.00 ms.
Mono: successfully reloaded assembly
- Completed reload, in  1.849 seconds
Platform modules already initialized, skipping
Switching build target platform(19) subTarget(0) extendedPlatform(0) -> platform(13) subTarget(537395200) extendedPlatform(0)
Refreshing native plugins compatible for Editor in 2.03 ms, found 1 plugins.
Preloading 0 native plugins for Editor in 0.00 ms.
Unloading 2769 Unused Serialized files (Serialized files now loaded: 0)
System memory in use before: 223.6 MB.
System memory in use after: 219.9 MB.

Unloading 25 unused Assets to reduce memory usage. Loaded Objects now: 3404.
Total: 8.779400 ms (FindLiveObjects: 0.761400 ms CreateObjectMapping: 0.253600 ms MarkObjects: 4.618200 ms  DeleteObjects: 3.142800 ms)

AssetImportParameters requested are different than current active one (requested -> active):
  custom:graphics/normal-map-encoding: 01000000000000000000000000000000 -> 02000000000000000000000000000000
========================================================================
Received Import Request.
  Time since last request: 47.319482 seconds.
  path: Assets/Prefabs/Four-Platform Raft.prefab
  artifactKey: Guid(9d8fe2b13da366c47963ce7f4ab17b05) Importer(815301076,1909f56bfc062723c751e8b465ee728b)
Start importing Assets/Prefabs/Four-Platform Raft.prefab using Guid(9d8fe2b13da366c47963ce7f4ab17b05) Importer(815301076,1909f56bfc062723c751e8b465ee728b)  -> (artifact id: 'a5d827c5749ac314c99273cbb38588da') in 0.141226 seconds 
========================================================================
Received Import Request.
  Time since last request: 0.000516 seconds.
  path: Assets/Prefabs/Single-Platform Raft.prefab
  artifactKey: Guid(ed6ef478701564b47b7754d4be267d5b) Importer(815301076,1909f56bfc062723c751e8b465ee728b)
Start importing Assets/Prefabs/Single-Platform Raft.prefab using Guid(ed6ef478701564b47b7754d4be267d5b) Importer(815301076,1909f56bfc062723c751e8b465ee728b)  -> (artifact id: '73561edd6db8b849c1eb9e233c89100c') in 0.039742 seconds 
========================================================================
Received Import Request.
  Time since last request: 0.000366 seconds.
  path: Assets/Prefabs/Three-Platform Raft.prefab
  artifactKey: Guid(08a03087e5d5fd6438bbe4b0512f3b24) Importer(815301076,1909f56bfc062723c751e8b465ee728b)
Start importing Assets/Prefabs/Three-Platform Raft.prefab using Guid(08a03087e5d5fd6438bbe4b0512f3b24) Importer(815301076,1909f56bfc062723c751e8b465ee728b)  -> (artifact id: 'db391b4aa015deb068e8899f5407840f') in 0.053213 seconds 
========================================================================
Received Import Request.
  Time since last request: 0.000393 seconds.
  path: Assets/Prefabs/Two_Platform Raft 1.prefab
  artifactKey: Guid(0f4c413fcd17e93429ea77c14cb68eed) Importer(815301076,1909f56bfc062723c751e8b465ee728b)
Start importing Assets/Prefabs/Two_Platform Raft 1.prefab using Guid(0f4c413fcd17e93429ea77c14cb68eed) Importer(815301076,1909f56bfc062723c751e8b465ee728b)  -> (artifact id: '320c9047b1a814ec497389b3b1ac1a9c') in 0.049277 seconds 
========================================================================
Received Import Request.
  Time since last request: 0.000355 seconds.
  path: Assets/Prefabs/Platform.prefab
  artifactKey: Guid(a408d0708960325438437ab650eafe1a) Importer(815301076,1909f56bfc062723c751e8b465ee728b)
Start importing Assets/Prefabs/Platform.prefab using Guid(a408d0708960325438437ab650eafe1a) Importer(815301076,1909f56bfc062723c751e8b465ee728b)  -> (artifact id: '1d1a13f5a26a1d95e7bbbf54c7f0aa74') in 0.037276 seconds 
========================================================================
Received Import Request.
  Time since last request: 2.044972 seconds.
  path: Assets/Prefabs/Four-Platform Raft.prefab
  artifactKey: Guid(9d8fe2b13da366c47963ce7f4ab17b05) Importer(815301076,1909f56bfc062723c751e8b465ee728b)
Start importing Assets/Prefabs/Four-Platform Raft.prefab using Guid(9d8fe2b13da366c47963ce7f4ab17b05) Importer(815301076,1909f56bfc062723c751e8b465ee728b)  -> (artifact id: '30832002f24c8be47da82465444eec22') in 0.062408 seconds 
========================================================================
Received Import Request.
  Time since last request: 0.000529 seconds.
  path: Assets/Prefabs/Single-Platform Raft.prefab
  artifactKey: Guid(ed6ef478701564b47b7754d4be267d5b) Importer(815301076,1909f56bfc062723c751e8b465ee728b)
Start importing Assets/Prefabs/Single-Platform Raft.prefab using Guid(ed6ef478701564b47b7754d4be267d5b) Importer(815301076,1909f56bfc062723c751e8b465ee728b)  -> (artifact id: 'fa211ae6f04340a056ef91e67bbb8bab') in 0.038483 seconds 
========================================================================
Received Import Request.
  Time since last request: 0.000405 seconds.
  path: Assets/Prefabs/Three-Platform Raft.prefab
  artifactKey: Guid(08a03087e5d5fd6438bbe4b0512f3b24) Importer(815301076,1909f56bfc062723c751e8b465ee728b)
Start importing Assets/Prefabs/Three-Platform Raft.prefab using Guid(08a03087e5d5fd6438bbe4b0512f3b24) Importer(815301076,1909f56bfc062723c751e8b465ee728b)  -> (artifact id: '759290cd1d2bfe0b2345f4f2238dde03') in 0.048513 seconds 
========================================================================
Received Import Request.
  Time since last request: 0.000485 seconds.
  path: Assets/Prefabs/Two_Platform Raft 1.prefab
  artifactKey: Guid(0f4c413fcd17e93429ea77c14cb68eed) Importer(815301076,1909f56bfc062723c751e8b465ee728b)
Start importing Assets/Prefabs/Two_Platform Raft 1.prefab using Guid(0f4c413fcd17e93429ea77c14cb68eed) Importer(815301076,1909f56bfc062723c751e8b465ee728b)  -> (artifact id: '192ed64d83e0580cb11e2e0834f207af') in 0.044632 seconds 
========================================================================
Received Import Request.
  Time since last request: 0.000447 seconds.
  path: Assets/Prefabs/Platform.prefab
  artifactKey: Guid(a408d0708960325438437ab650eafe1a) Importer(815301076,1909f56bfc062723c751e8b465ee728b)
Start importing Assets/Prefabs/Platform.prefab using Guid(a408d0708960325438437ab650eafe1a) Importer(815301076,1909f56bfc062723c751e8b465ee728b)  -> (artifact id: 'c360ece4cbdc86901030089782c5a416') in 0.041739 seconds 
========================================================================
Received Import Request.
  Time since last request: 4.414927 seconds.
  path: Assets/Prefabs/Four-Platform Raft.prefab
  artifactKey: Guid(9d8fe2b13da366c47963ce7f4ab17b05) Importer(815301076,1909f56bfc062723c751e8b465ee728b)
Start importing Assets/Prefabs/Four-Platform Raft.prefab using Guid(9d8fe2b13da366c47963ce7f4ab17b05) Importer(815301076,1909f56bfc062723c751e8b465ee728b)  -> (artifact id: '5bf2b39a484f240a822c1e0e4e6b96fa') in 0.059814 seconds 
========================================================================
Received Import Request.
  Time since last request: 0.000412 seconds.
  path: Assets/Prefabs/Single-Platform Raft.prefab
  artifactKey: Guid(ed6ef478701564b47b7754d4be267d5b) Importer(815301076,1909f56bfc062723c751e8b465ee728b)
Start importing Assets/Prefabs/Single-Platform Raft.prefab using Guid(ed6ef478701564b47b7754d4be267d5b) Importer(815301076,1909f56bfc062723c751e8b465ee728b)  -> (artifact id: '0efe5396861ee511b21a0d831071ca2b') in 0.040465 seconds 
========================================================================
Received Import Request.
  Time since last request: 0.000406 seconds.
  path: Assets/Prefabs/Three-Platform Raft.prefab
  artifactKey: Guid(08a03087e5d5fd6438bbe4b0512f3b24) Importer(815301076,1909f56bfc062723c751e8b465ee728b)
Start importing Assets/Prefabs/Three-Platform Raft.prefab using Guid(08a03087e5d5fd6438bbe4b0512f3b24) Importer(815301076,1909f56bfc062723c751e8b465ee728b)  -> (artifact id: 'cb880aa5fa9333446e97195b89d87c26') in 0.076824 seconds 
========================================================================
Received Import Request.
  Time since last request: 0.000416 seconds.
  path: Assets/Prefabs/Two_Platform Raft 1.prefab
  artifactKey: Guid(0f4c413fcd17e93429ea77c14cb68eed) Importer(815301076,1909f56bfc062723c751e8b465ee728b)
Start importing Assets/Prefabs/Two_Platform Raft 1.prefab using Guid(0f4c413fcd17e93429ea77c14cb68eed) Importer(815301076,1909f56bfc062723c751e8b465ee728b)  -> (artifact id: 'c51c4c640ddd499cd076f985555590f3') in 0.045957 seconds 
========================================================================
Received Import Request.
  Time since last request: 0.000908 seconds.
  path: Assets/Prefabs/Platform.prefab
  artifactKey: Guid(a408d0708960325438437ab650eafe1a) Importer(815301076,1909f56bfc062723c751e8b465ee728b)
Start importing Assets/Prefabs/Platform.prefab using Guid(a408d0708960325438437ab650eafe1a) Importer(815301076,1909f56bfc062723c751e8b465ee728b)  -> (artifact id: 'c007dca096775763b81a6c1a02ebe0ba') in 0.041372 seconds 
========================================================================
Received Import Request.
  Time since last request: 7.938401 seconds.
  path: Assets/Prefabs/Player.prefab
  artifactKey: Guid(f347af55613a261449b2d33915382453) Importer(815301076,1909f56bfc062723c751e8b465ee728b)
Start importing Assets/Prefabs/Player.prefab using Guid(f347af55613a261449b2d33915382453) Importer(815301076,1909f56bfc062723c751e8b465ee728b)  -> (artifact id: 'eab258487eb12aa79efc1c801bbaf4c9') in 0.040561 seconds 
========================================================================
Received Prepare
Registering precompiled user dll's ...
Registered in 0.004548 seconds.
Begin MonoManager ReloadAssembly
Native extension for WindowsStandalone target not found
Refreshing native plugins compatible for Editor in 1.95 ms, found 1 plugins.
Preloading 0 native plugins for Editor in 0.00 ms.
Mono: successfully reloaded assembly
- Completed reload, in  1.865 seconds
Platform modules already initialized, skipping
Switching build target platform(19) subTarget(0) extendedPlatform(0) -> platform(13) subTarget(537395200) extendedPlatform(0)
Refreshing native plugins compatible for Editor in 1.33 ms, found 1 plugins.
Preloading 0 native plugins for Editor in 0.00 ms.
Unloading 2769 Unused Serialized files (Serialized files now loaded: 0)
System memory in use before: 223.7 MB.
System memory in use after: 220.0 MB.

Unloading 25 unused Assets to reduce memory usage. Loaded Objects now: 3408.
Total: 11.317200 ms (FindLiveObjects: 1.177700 ms CreateObjectMapping: 0.375200 ms MarkObjects: 5.954400 ms  DeleteObjects: 3.806800 ms)

AssetImportParameters requested are different than current active one (requested -> active):
  custom:graphics/normal-map-encoding: 01000000000000000000000000000000 -> 02000000000000000000000000000000
========================================================================
Received Import Request.
  Time since last request: 13.045044 seconds.
  path: Assets/Prefabs/Player.prefab
  artifactKey: Guid(f347af55613a261449b2d33915382453) Importer(815301076,1909f56bfc062723c751e8b465ee728b)
Start importing Assets/Prefabs/Player.prefab using Guid(f347af55613a261449b2d33915382453) Importer(815301076,1909f56bfc062723c751e8b465ee728b)  -> (artifact id: 'ee5999b0f634ed383ba9196ba6a5d89f') in 0.147327 seconds 
========================================================================
Received Prepare
Registering precompiled user dll's ...
Registered in 0.005823 seconds.
Begin MonoManager ReloadAssembly
Native extension for WindowsStandalone target not found
Refreshing native plugins compatible for Editor in 2.40 ms, found 1 plugins.
Preloading 0 native plugins for Editor in 0.00 ms.
Mono: successfully reloaded assembly
- Completed reload, in  1.960 seconds
Platform modules already initialized, skipping
Switching build target platform(19) subTarget(0) extendedPlatform(0) -> platform(13) subTarget(537395200) extendedPlatform(0)
Refreshing native plugins compatible for Editor in 2.98 ms, found 1 plugins.
Preloading 0 native plugins for Editor in 0.00 ms.
Unloading 2769 Unused Serialized files (Serialized files now loaded: 0)
System memory in use before: 223.7 MB.
System memory in use after: 220.0 MB.

Unloading 25 unused Assets to reduce memory usage. Loaded Objects now: 3412.
Total: 11.739600 ms (FindLiveObjects: 1.811000 ms CreateObjectMapping: 0.610300 ms MarkObjects: 6.032800 ms  DeleteObjects: 3.282100 ms)

AssetImportParameters requested are different than current active one (requested -> active):
  custom:graphics/normal-map-encoding: 01000000000000000000000000000000 -> 02000000000000000000000000000000
========================================================================
Received Import Request.
  Time since last request: 215.241696 seconds.
  path: Assets/Prefabs/Four-Platform Raft.prefab
  artifactKey: Guid(9d8fe2b13da366c47963ce7f4ab17b05) Importer(815301076,1909f56bfc062723c751e8b465ee728b)
Start importing Assets/Prefabs/Four-Platform Raft.prefab using Guid(9d8fe2b13da366c47963ce7f4ab17b05) Importer(815301076,1909f56bfc062723c751e8b465ee728b)  -> (artifact id: '5b8ef031de78e06e024be58da1f07e17') in 0.168394 seconds 
========================================================================
Received Import Request.
  Time since last request: 0.000408 seconds.
  path: Assets/Prefabs/Single-Platform Raft.prefab
  artifactKey: Guid(ed6ef478701564b47b7754d4be267d5b) Importer(815301076,1909f56bfc062723c751e8b465ee728b)
Start importing Assets/Prefabs/Single-Platform Raft.prefab using Guid(ed6ef478701564b47b7754d4be267d5b) Importer(815301076,1909f56bfc062723c751e8b465ee728b)  -> (artifact id: '1872af120338d2a20283d22e49d66cc0') in 0.035657 seconds 
========================================================================
Received Import Request.
  Time since last request: 0.000408 seconds.
  path: Assets/Prefabs/Three-Platform Raft.prefab
  artifactKey: Guid(08a03087e5d5fd6438bbe4b0512f3b24) Importer(815301076,1909f56bfc062723c751e8b465ee728b)
Start importing Assets/Prefabs/Three-Platform Raft.prefab using Guid(08a03087e5d5fd6438bbe4b0512f3b24) Importer(815301076,1909f56bfc062723c751e8b465ee728b)  -> (artifact id: '24f0b84106e2f611d7cca0030d4d7ed8') in 0.054611 seconds 
========================================================================
Received Import Request.
  Time since last request: 0.000412 seconds.
  path: Assets/Prefabs/Two_Platform Raft 1.prefab
  artifactKey: Guid(0f4c413fcd17e93429ea77c14cb68eed) Importer(815301076,1909f56bfc062723c751e8b465ee728b)
Start importing Assets/Prefabs/Two_Platform Raft 1.prefab using Guid(0f4c413fcd17e93429ea77c14cb68eed) Importer(815301076,1909f56bfc062723c751e8b465ee728b)  -> (artifact id: '0327eda86c39d5a4c2950c406383de4f') in 0.042300 seconds 
========================================================================
Received Import Request.
  Time since last request: 0.000528 seconds.
  path: Assets/Prefabs/Platform.prefab
  artifactKey: Guid(a408d0708960325438437ab650eafe1a) Importer(815301076,1909f56bfc062723c751e8b465ee728b)
Start importing Assets/Prefabs/Platform.prefab using Guid(a408d0708960325438437ab650eafe1a) Importer(815301076,1909f56bfc062723c751e8b465ee728b)  -> (artifact id: '87e16e5aa5c38ec9bdc8582b392436b7') in 0.038899 seconds 
========================================================================
Received Import Request.
  Time since last request: 3.546880 seconds.
  path: Assets/Prefabs/Four-Platform Raft.prefab
  artifactKey: Guid(9d8fe2b13da366c47963ce7f4ab17b05) Importer(815301076,1909f56bfc062723c751e8b465ee728b)
Start importing Assets/Prefabs/Four-Platform Raft.prefab using Guid(9d8fe2b13da366c47963ce7f4ab17b05) Importer(815301076,1909f56bfc062723c751e8b465ee728b)  -> (artifact id: 'bad0e2632782e7dcca92faefd557af07') in 0.059498 seconds 
========================================================================
Received Import Request.
  Time since last request: 0.000578 seconds.
  path: Assets/Prefabs/Single-Platform Raft.prefab
  artifactKey: Guid(ed6ef478701564b47b7754d4be267d5b) Importer(815301076,1909f56bfc062723c751e8b465ee728b)
Start importing Assets/Prefabs/Single-Platform Raft.prefab using Guid(ed6ef478701564b47b7754d4be267d5b) Importer(815301076,1909f56bfc062723c751e8b465ee728b)  -> (artifact id: '32d5be286d24a06ae30b8b9772f8515f') in 0.029012 seconds 
========================================================================
Received Import Request.
  Time since last request: 0.000474 seconds.
  path: Assets/Prefabs/Three-Platform Raft.prefab
  artifactKey: Guid(08a03087e5d5fd6438bbe4b0512f3b24) Importer(815301076,1909f56bfc062723c751e8b465ee728b)
Start importing Assets/Prefabs/Three-Platform Raft.prefab using Guid(08a03087e5d5fd6438bbe4b0512f3b24) Importer(815301076,1909f56bfc062723c751e8b465ee728b)  -> (artifact id: 'd6e3de426271f692e0e405c1ce8c13ae') in 0.050406 seconds 
========================================================================
Received Import Request.
  Time since last request: 0.000365 seconds.
  path: Assets/Prefabs/Two_Platform Raft 1.prefab
  artifactKey: Guid(0f4c413fcd17e93429ea77c14cb68eed) Importer(815301076,1909f56bfc062723c751e8b465ee728b)
Start importing Assets/Prefabs/Two_Platform Raft 1.prefab using Guid(0f4c413fcd17e93429ea77c14cb68eed) Importer(815301076,1909f56bfc062723c751e8b465ee728b)  -> (artifact id: '186b682fe252a3154ed0020581163856') in 0.045255 seconds 
========================================================================
Received Import Request.
  Time since last request: 0.000484 seconds.
  path: Assets/Prefabs/Platform.prefab
  artifactKey: Guid(a408d0708960325438437ab650eafe1a) Importer(815301076,1909f56bfc062723c751e8b465ee728b)
Start importing Assets/Prefabs/Platform.prefab using Guid(a408d0708960325438437ab650eafe1a) Importer(815301076,1909f56bfc062723c751e8b465ee728b)  -> (artifact id: 'a46786e02dcec33f40e7b9d8a03352ea') in 0.038249 seconds 
========================================================================
Received Import Request.
  Time since last request: 13.446936 seconds.
  path: Assets/Prefabs/Four-Platform Raft.prefab
  artifactKey: Guid(9d8fe2b13da366c47963ce7f4ab17b05) Importer(815301076,1909f56bfc062723c751e8b465ee728b)
Start importing Assets/Prefabs/Four-Platform Raft.prefab using Guid(9d8fe2b13da366c47963ce7f4ab17b05) Importer(815301076,1909f56bfc062723c751e8b465ee728b)  -> (artifact id: '96edb215783fb9787447317d59009a3c') in 0.060067 seconds 
========================================================================
Received Import Request.
  Time since last request: 0.000471 seconds.
  path: Assets/Prefabs/Single-Platform Raft.prefab
  artifactKey: Guid(ed6ef478701564b47b7754d4be267d5b) Importer(815301076,1909f56bfc062723c751e8b465ee728b)
Start importing Assets/Prefabs/Single-Platform Raft.prefab using Guid(ed6ef478701564b47b7754d4be267d5b) Importer(815301076,1909f56bfc062723c751e8b465ee728b)  -> (artifact id: 'aab6516976967fc9a95de534a69f4751') in 0.038650 seconds 
========================================================================
Received Import Request.
  Time since last request: 0.000476 seconds.
  path: Assets/Prefabs/Three-Platform Raft.prefab
  artifactKey: Guid(08a03087e5d5fd6438bbe4b0512f3b24) Importer(815301076,1909f56bfc062723c751e8b465ee728b)
Start importing Assets/Prefabs/Three-Platform Raft.prefab using Guid(08a03087e5d5fd6438bbe4b0512f3b24) Importer(815301076,1909f56bfc062723c751e8b465ee728b)  -> (artifact id: '8e2d71da2c9e5d1360af1daadd9c3419') in 0.054633 seconds 
========================================================================
Received Import Request.
  Time since last request: 0.000687 seconds.
  path: Assets/Prefabs/Two_Platform Raft 1.prefab
  artifactKey: Guid(0f4c413fcd17e93429ea77c14cb68eed) Importer(815301076,1909f56bfc062723c751e8b465ee728b)
Start importing Assets/Prefabs/Two_Platform Raft 1.prefab using Guid(0f4c413fcd17e93429ea77c14cb68eed) Importer(815301076,1909f56bfc062723c751e8b465ee728b)  -> (artifact id: '95a9d198ec815963f9206d4a2a2920dd') in 0.048477 seconds 
========================================================================
Received Import Request.
  Time since last request: 0.000368 seconds.
  path: Assets/Prefabs/Platform.prefab
  artifactKey: Guid(a408d0708960325438437ab650eafe1a) Importer(815301076,1909f56bfc062723c751e8b465ee728b)
Start importing Assets/Prefabs/Platform.prefab using Guid(a408d0708960325438437ab650eafe1a) Importer(815301076,1909f56bfc062723c751e8b465ee728b)  -> (artifact id: '1cf9ff26ca672d20aa1a00e9d7e14be6') in 0.043895 seconds 
========================================================================
Received Prepare
Registering precompiled user dll's ...
Registered in 0.007499 seconds.
Begin MonoManager ReloadAssembly
Native extension for WindowsStandalone target not found
Refreshing native plugins compatible for Editor in 1.99 ms, found 1 plugins.
Preloading 0 native plugins for Editor in 0.00 ms.
Mono: successfully reloaded assembly
- Completed reload, in  1.881 seconds
Platform modules already initialized, skipping
Switching build target platform(19) subTarget(0) extendedPlatform(0) -> platform(13) subTarget(537395200) extendedPlatform(0)
Refreshing native plugins compatible for Editor in 1.27 ms, found 1 plugins.
Preloading 0 native plugins for Editor in 0.00 ms.
Unloading 2769 Unused Serialized files (Serialized files now loaded: 0)
System memory in use before: 223.7 MB.
System memory in use after: 220.0 MB.

Unloading 25 unused Assets to reduce memory usage. Loaded Objects now: 3416.
Total: 9.928600 ms (FindLiveObjects: 0.938600 ms CreateObjectMapping: 0.380200 ms MarkObjects: 5.573000 ms  DeleteObjects: 3.034400 ms)

AssetImportParameters requested are different than current active one (requested -> active):
  custom:graphics/normal-map-encoding: 01000000000000000000000000000000 -> 02000000000000000000000000000000
========================================================================
Received Import Request.
  Time since last request: 141.813908 seconds.
  path: Assets/Prefabs/Grid.prefab
  artifactKey: Guid(431a50f395e52bc4d9d15c3bf60ea54b) Importer(815301076,1909f56bfc062723c751e8b465ee728b)
Start importing Assets/Prefabs/Grid.prefab using Guid(431a50f395e52bc4d9d15c3bf60ea54b) Importer(815301076,1909f56bfc062723c751e8b465ee728b)  -> (artifact id: '42a74484fad585cdf787570d09ae05e8') in 0.118143 seconds 
========================================================================
Received Prepare
Registering precompiled user dll's ...
Registered in 0.009295 seconds.
Begin MonoManager ReloadAssembly
Native extension for WindowsStandalone target not found
Refreshing native plugins compatible for Editor in 1.39 ms, found 1 plugins.
Preloading 0 native plugins for Editor in 0.00 ms.
Mono: successfully reloaded assembly
- Completed reload, in  1.905 seconds
Platform modules already initialized, skipping
Switching build target platform(19) subTarget(0) extendedPlatform(0) -> platform(13) subTarget(537395200) extendedPlatform(0)
Refreshing native plugins compatible for Editor in 2.07 ms, found 1 plugins.
Preloading 0 native plugins for Editor in 0.00 ms.
Unloading 2769 Unused Serialized files (Serialized files now loaded: 0)
System memory in use before: 223.7 MB.
System memory in use after: 220.0 MB.

Unloading 24 unused Assets to reduce memory usage. Loaded Objects now: 3420.
Total: 10.043000 ms (FindLiveObjects: 1.119200 ms CreateObjectMapping: 0.449300 ms MarkObjects: 5.203300 ms  DeleteObjects: 3.268100 ms)

AssetImportParameters requested are different than current active one (requested -> active):
  custom:graphics/normal-map-encoding: 01000000000000000000000000000000 -> 02000000000000000000000000000000
========================================================================
Received Import Request.
  Time since last request: 52.361670 seconds.
  path: Assets/Prefabs/Player.prefab
  artifactKey: Guid(f347af55613a261449b2d33915382453) Importer(815301076,1909f56bfc062723c751e8b465ee728b)
Start importing Assets/Prefabs/Player.prefab using Guid(f347af55613a261449b2d33915382453) Importer(815301076,1909f56bfc062723c751e8b465ee728b)  -> (artifact id: '11df829ad139c9c387efbf029971cf42') in 0.128375 seconds 
========================================================================
Received Prepare
Registering precompiled user dll's ...
Registered in 0.005731 seconds.
Begin MonoManager ReloadAssembly
Native extension for WindowsStandalone target not found
Refreshing native plugins compatible for Editor in 1.35 ms, found 1 plugins.
Preloading 0 native plugins for Editor in 0.00 ms.
Mono: successfully reloaded assembly
- Completed reload, in  2.101 seconds
Platform modules already initialized, skipping
Switching build target platform(19) subTarget(0) extendedPlatform(0) -> platform(13) subTarget(537395200) extendedPlatform(0)
Refreshing native plugins compatible for Editor in 1.73 ms, found 1 plugins.
Preloading 0 native plugins for Editor in 0.00 ms.
Unloading 2769 Unused Serialized files (Serialized files now loaded: 0)
System memory in use before: 223.7 MB.
System memory in use after: 220.1 MB.

Unloading 25 unused Assets to reduce memory usage. Loaded Objects now: 3424.
Total: 10.340800 ms (FindLiveObjects: 1.632500 ms CreateObjectMapping: 0.613800 ms MarkObjects: 4.949400 ms  DeleteObjects: 3.140200 ms)

AssetImportParameters requested are different than current active one (requested -> active):
  custom:graphics/normal-map-encoding: 01000000000000000000000000000000 -> 02000000000000000000000000000000
